TN:
SF:src/core/AgentOrchestrator.ts
FN:66,(anonymous_0)
FN:79,(anonymous_1)
FN:142,(anonymous_2)
FN:213,(anonymous_3)
FN:257,(anonymous_4)
FN:296,(anonymous_5)
FN:341,(anonymous_6)
FN:359,(anonymous_7)
FN:405,(anonymous_8)
FN:422,(anonymous_9)
FN:425,(anonymous_10)
FN:438,(anonymous_11)
FN:460,(anonymous_12)
FN:494,(anonymous_13)
FN:508,(anonymous_14)
FN:516,(anonymous_15)
FN:518,(anonymous_16)
FN:519,(anonymous_17)
FN:520,(anonymous_18)
FN:526,(anonymous_19)
FN:528,(anonymous_20)
FN:529,(anonymous_21)
FN:530,(anonymous_22)
FN:536,(anonymous_23)
FN:543,(anonymous_24)
FN:579,(anonymous_25)
FN:586,(anonymous_26)
FN:598,(anonymous_27)
FN:605,(anonymous_28)
FN:612,(anonymous_29)
FN:619,(anonymous_30)
FN:662,(anonymous_31)
FN:697,(anonymous_32)
FN:720,(anonymous_33)
FN:746,(anonymous_34)
FN:764,(anonymous_35)
FNF:36
FNH:18
FNDA:29,(anonymous_0)
FNDA:18,(anonymous_1)
FNDA:2,(anonymous_2)
FNDA:18,(anonymous_3)
FNDA:16,(anonymous_4)
FNDA:2,(anonymous_5)
FNDA:2,(anonymous_6)
FNDA:0,(anonymous_7)
FNDA:18,(anonymous_8)
FNDA:18,(anonymous_9)
FNDA:0,(anonymous_10)
FNDA:0,(anonymous_11)
FNDA:0,(anonymous_12)
FNDA:5,(anonymous_13)
FNDA:4,(anonymous_14)
FNDA:0,(anonymous_15)
FNDA:0,(anonymous_16)
FNDA:0,(anonymous_17)
FNDA:0,(anonymous_18)
FNDA:0,(anonymous_19)
FNDA:0,(anonymous_20)
FNDA:0,(anonymous_21)
FNDA:0,(anonymous_22)
FNDA:29,(anonymous_23)
FNDA:0,(anonymous_24)
FNDA:2,(anonymous_25)
FNDA:1,(anonymous_26)
FNDA:1,(anonymous_27)
FNDA:3,(anonymous_28)
FNDA:1,(anonymous_29)
FNDA:9,(anonymous_30)
FNDA:0,(anonymous_31)
FNDA:0,(anonymous_32)
FNDA:0,(anonymous_33)
FNDA:0,(anonymous_34)
FNDA:0,(anonymous_35)
DA:17,2
DA:54,2
DA:58,29
DA:59,29
DA:71,29
DA:72,29
DA:73,29
DA:84,18
DA:86,18
DA:93,18
DA:94,18
DA:97,18
DA:100,0
DA:108,0
DA:111,0
DA:112,0
DA:113,0
DA:114,0
DA:115,0
DA:116,0
DA:120,0
DA:128,4
DA:130,4
DA:132,4
DA:148,2
DA:150,2
DA:157,2
DA:158,2
DA:161,2
DA:164,0
DA:172,0
DA:175,0
DA:176,0
DA:177,0
DA:178,0
DA:179,0
DA:180,0
DA:184,0
DA:192,1
DA:194,1
DA:197,1
DA:203,1
DA:218,18
DA:223,18
DA:227,17
DA:233,17
DA:235,1
DA:237,1
DA:238,1
DA:240,1
DA:241,1
DA:243,1
DA:244,1
DA:247,1
DA:248,0
DA:249,0
DA:250,0
DA:253,1
DA:257,16
DA:263,16
DA:264,16
DA:267,16
DA:270,16
DA:280,0
DA:281,0
DA:285,0
DA:287,0
DA:302,2
DA:307,2
DA:311,2
DA:317,2
DA:319,0
DA:321,0
DA:322,0
DA:324,0
DA:325,0
DA:327,0
DA:328,0
DA:331,0
DA:332,0
DA:333,0
DA:334,0
DA:337,0
DA:341,2
DA:347,2
DA:348,2
DA:351,2
DA:354,2
DA:355,2
DA:356,2
DA:359,2
DA:360,0
DA:361,0
DA:364,0
DA:365,0
DA:368,0
DA:369,0
DA:373,0
DA:377,2
DA:389,0
DA:390,0
DA:394,0
DA:396,0
DA:406,18
DA:407,18
DA:408,18
DA:409,18
DA:411,18
DA:423,18
DA:425,18
DA:439,0
DA:442,0
DA:443,0
DA:444,0
DA:454,0
DA:464,0
DA:465,0
DA:472,0
DA:480,0
DA:482,0
DA:483,0
DA:495,5
DA:502,5
DA:509,4
DA:510,4
DA:517,0
DA:518,0
DA:519,0
DA:520,0
DA:527,0
DA:528,0
DA:529,0
DA:530,0
DA:537,29
DA:545,0
DA:546,0
DA:549,0
DA:550,0
DA:551,0
DA:552,0
DA:553,0
DA:557,0
DA:560,0
DA:561,0
DA:568,0
DA:569,0
DA:570,0
DA:571,0
DA:573,0
DA:580,2
DA:587,1
DA:599,1
DA:606,3
DA:613,1
DA:621,9
DA:623,9
DA:624,9
DA:627,9
DA:628,1
DA:629,1
DA:630,8
DA:631,3
DA:632,3
DA:633,5
DA:634,2
DA:635,2
DA:636,3
DA:637,0
DA:638,0
DA:639,3
DA:640,1
DA:641,1
DA:643,2
DA:646,0
DA:649,9
DA:651,9
DA:664,0
DA:666,0
DA:667,0
DA:669,0
DA:670,0
DA:671,0
DA:672,0
DA:673,0
DA:674,0
DA:675,0
DA:676,0
DA:677,0
DA:679,0
DA:682,0
DA:685,0
DA:687,0
DA:701,0
DA:702,0
DA:710,0
DA:713,0
DA:725,0
DA:727,0
DA:728,0
DA:729,0
DA:738,0
DA:739,0
DA:740,0
DA:742,0
DA:746,0
DA:749,0
DA:752,0
DA:753,0
DA:754,0
DA:755,0
DA:759,0
DA:760,0
DA:764,0
DA:768,0
LF:214
LH:91
BRDA:82,0,0,17
BRDA:112,1,0,0
BRDA:112,1,1,0
BRDA:112,2,0,0
BRDA:112,2,1,0
BRDA:146,3,0,2
BRDA:176,4,0,0
BRDA:176,4,1,0
BRDA:176,5,0,0
BRDA:176,5,1,0
BRDA:219,6,0,18
BRDA:219,6,1,17
BRDA:223,7,0,1
BRDA:223,7,1,17
BRDA:229,8,0,16
BRDA:229,8,1,1
BRDA:230,9,0,16
BRDA:230,9,1,1
BRDA:233,10,0,1
BRDA:233,10,1,16
BRDA:249,11,0,0
BRDA:249,11,1,0
BRDA:249,12,0,0
BRDA:249,12,1,0
BRDA:258,13,0,16
BRDA:258,13,1,0
BRDA:258,14,0,0
BRDA:258,14,1,0
BRDA:273,15,0,16
BRDA:273,15,1,16
BRDA:274,16,0,16
BRDA:274,16,1,16
BRDA:280,17,0,0
BRDA:280,17,1,0
BRDA:303,18,0,2
BRDA:303,18,1,2
BRDA:307,19,0,0
BRDA:307,19,1,2
BRDA:313,20,0,2
BRDA:313,20,1,0
BRDA:314,21,0,2
BRDA:314,21,1,0
BRDA:317,22,0,0
BRDA:317,22,1,2
BRDA:333,23,0,0
BRDA:333,23,1,0
BRDA:333,24,0,0
BRDA:333,24,1,0
BRDA:342,25,0,2
BRDA:342,25,1,0
BRDA:342,26,0,0
BRDA:342,26,1,0
BRDA:360,27,0,0
BRDA:360,27,1,0
BRDA:364,28,0,0
BRDA:364,28,1,0
BRDA:368,29,0,0
BRDA:368,29,1,0
BRDA:381,30,0,2
BRDA:381,30,1,2
BRDA:382,31,0,2
BRDA:382,31,1,2
BRDA:389,32,0,0
BRDA:389,32,1,0
BRDA:442,33,0,0
BRDA:442,33,1,0
BRDA:442,34,0,0
BRDA:442,34,1,0
BRDA:447,35,0,0
BRDA:447,35,1,0
BRDA:467,36,0,0
BRDA:467,36,1,0
BRDA:468,37,0,0
BRDA:468,37,1,0
BRDA:485,38,0,0
BRDA:485,38,1,0
BRDA:486,39,0,0
BRDA:486,39,1,0
BRDA:502,40,0,5
BRDA:502,40,1,1
BRDA:518,41,0,0
BRDA:518,41,1,0
BRDA:518,42,0,0
BRDA:518,42,1,0
BRDA:518,43,0,0
BRDA:518,43,1,0
BRDA:519,44,0,0
BRDA:519,44,1,0
BRDA:519,45,0,0
BRDA:519,45,1,0
BRDA:519,46,0,0
BRDA:519,46,1,0
BRDA:519,47,0,0
BRDA:519,47,1,0
BRDA:519,48,0,0
BRDA:519,48,1,0
BRDA:528,49,0,0
BRDA:528,49,1,0
BRDA:528,50,0,0
BRDA:528,50,1,0
BRDA:528,51,0,0
BRDA:528,51,1,0
BRDA:529,52,0,0
BRDA:529,52,1,0
BRDA:529,53,0,0
BRDA:529,53,1,0
BRDA:529,54,0,0
BRDA:529,54,1,0
BRDA:529,55,0,0
BRDA:529,55,1,0
BRDA:529,56,0,0
BRDA:529,56,1,0
BRDA:550,57,0,0
BRDA:550,57,1,0
BRDA:550,58,0,0
BRDA:550,58,1,0
BRDA:551,59,0,0
BRDA:551,59,1,0
BRDA:551,60,0,0
BRDA:551,60,1,0
BRDA:551,61,0,0
BRDA:551,61,1,0
BRDA:552,62,0,0
BRDA:552,62,1,0
BRDA:552,63,0,0
BRDA:552,63,1,0
BRDA:560,64,0,0
BRDA:560,64,1,0
BRDA:623,65,0,9
BRDA:623,65,1,0
BRDA:627,66,0,1
BRDA:627,66,1,8
BRDA:627,67,0,9
BRDA:627,67,1,8
BRDA:627,67,2,8
BRDA:630,68,0,3
BRDA:630,68,1,5
BRDA:630,69,0,8
BRDA:630,69,1,5
BRDA:630,69,2,5
BRDA:633,70,0,2
BRDA:633,70,1,3
BRDA:633,71,0,5
BRDA:633,71,1,4
BRDA:633,71,2,4
BRDA:636,72,0,0
BRDA:636,72,1,3
BRDA:636,73,0,3
BRDA:636,73,1,3
BRDA:639,74,0,1
BRDA:639,74,1,2
BRDA:639,75,0,3
BRDA:639,75,1,2
BRDA:666,76,0,0
BRDA:666,76,1,0
BRDA:669,77,0,0
BRDA:669,77,1,0
BRDA:669,78,0,0
BRDA:669,78,1,0
BRDA:672,79,0,0
BRDA:672,79,1,0
BRDA:672,80,0,0
BRDA:672,80,1,0
BRDA:675,81,0,0
BRDA:675,81,1,0
BRDA:675,82,0,0
BRDA:675,82,1,0
BRDA:690,83,0,0
BRDA:690,83,1,0
BRDA:704,84,0,0
BRDA:704,84,1,0
BRDA:705,85,0,0
BRDA:705,85,1,0
BRDA:723,86,0,0
BRDA:738,87,0,0
BRDA:738,87,1,0
BRDA:740,88,0,0
BRDA:740,88,1,0
BRDA:749,89,0,0
BRDA:749,89,1,0
BRDA:752,90,0,0
BRDA:752,90,1,0
BRDA:754,91,0,0
BRDA:754,91,1,0
BRDA:754,92,0,0
BRDA:754,92,1,0
BRDA:759,93,0,0
BRDA:759,93,1,0
BRDA:768,94,0,0
BRDA:768,94,1,0
BRF:190
BRH:53
end_of_record
TN:
SF:src/core/providers/AnthropicProvider.ts
FN:34,(anonymous_0)
FN:43,(anonymous_1)
FN:47,(anonymous_2)
FN:51,(anonymous_3)
FN:56,(anonymous_4)
FN:61,(anonymous_5)
FN:68,(anonymous_6)
FN:80,(anonymous_7)
FN:134,(anonymous_8)
FN:142,(anonymous_9)
FN:156,(anonymous_10)
FN:164,(anonymous_11)
FN:235,(anonymous_12)
FN:237,(anonymous_13)
FN:238,(anonymous_14)
FN:243,(anonymous_15)
FN:261,(anonymous_16)
FN:274,(anonymous_17)
FN:278,(anonymous_18)
FN:279,(anonymous_19)
FN:297,(anonymous_20)
FN:299,(anonymous_21)
FN:319,(anonymous_22)
FN:377,(anonymous_23)
FN:417,(anonymous_24)
FN:444,(anonymous_25)
FN:452,(anonymous_26)
FN:453,(anonymous_27)
FN:454,(anonymous_28)
FN:461,(anonymous_29)
FN:491,(anonymous_30)
FN:509,(anonymous_31)
FN:516,(anonymous_32)
FNF:33
FNH:0
FNDA:0,(anonymous_0)
FNDA:0,(anonymous_1)
FNDA:0,(anonymous_2)
FNDA:0,(anonymous_3)
FNDA:0,(anonymous_4)
FNDA:0,(anonymous_5)
FNDA:0,(anonymous_6)
FNDA:0,(anonymous_7)
FNDA:0,(anonymous_8)
FNDA:0,(anonymous_9)
FNDA:0,(anonymous_10)
FNDA:0,(anonymous_11)
FNDA:0,(anonymous_12)
FNDA:0,(anonymous_13)
FNDA:0,(anonymous_14)
FNDA:0,(anonymous_15)
FNDA:0,(anonymous_16)
FNDA:0,(anonymous_17)
FNDA:0,(anonymous_18)
FNDA:0,(anonymous_19)
FNDA:0,(anonymous_20)
FNDA:0,(anonymous_21)
FNDA:0,(anonymous_22)
FNDA:0,(anonymous_23)
FNDA:0,(anonymous_24)
FNDA:0,(anonymous_25)
FNDA:0,(anonymous_26)
FNDA:0,(anonymous_27)
FNDA:0,(anonymous_28)
FNDA:0,(anonymous_29)
FNDA:0,(anonymous_30)
FNDA:0,(anonymous_31)
FNDA:0,(anonymous_32)
DA:6,0
DA:31,0
DA:35,0
DA:40,0
DA:44,0
DA:48,0
DA:53,0
DA:58,0
DA:62,0
DA:69,0
DA:81,0
DA:84,0
DA:85,0
DA:95,0
DA:96,0
DA:97,0
DA:106,0
DA:108,0
DA:117,0
DA:123,0
DA:136,0
DA:143,0
DA:158,0
DA:165,0
DA:166,0
DA:173,0
DA:175,0
DA:190,0
DA:191,0
DA:201,0
DA:202,0
DA:209,0
DA:210,0
DA:217,0
DA:224,0
DA:237,0
DA:238,0
DA:240,0
DA:243,0
DA:250,0
DA:251,0
DA:255,0
DA:256,0
DA:260,0
DA:261,0
DA:268,0
DA:275,0
DA:276,0
DA:277,0
DA:278,0
DA:279,0
DA:282,0
DA:288,0
DA:289,0
DA:297,0
DA:298,0
DA:299,0
DA:307,0
DA:310,0
DA:312,0
DA:320,0
DA:322,0
DA:323,0
DA:324,0
DA:326,0
DA:327,0
DA:328,0
DA:329,0
DA:330,0
DA:334,0
DA:336,0
DA:339,0
DA:340,0
DA:346,0
DA:347,0
DA:355,0
DA:356,0
DA:367,0
DA:369,0
DA:370,0
DA:381,0
DA:382,0
DA:385,0
DA:390,0
DA:392,0
DA:393,0
DA:396,0
DA:398,0
DA:399,0
DA:400,0
DA:401,0
DA:403,0
DA:408,0
DA:411,0
DA:418,0
DA:419,0
DA:434,0
DA:436,0
DA:437,0
DA:449,0
DA:451,0
DA:452,0
DA:453,0
DA:454,0
DA:467,0
DA:476,0
DA:477,0
DA:478,0
DA:485,0
DA:492,0
DA:493,0
DA:494,0
DA:496,0
DA:497,0
DA:500,0
DA:503,0
DA:510,0
DA:517,0
LF:118
LH:0
BRDA:34,0,0,0
BRDA:40,1,0,0
BRDA:40,1,1,0
BRDA:84,2,0,0
BRDA:84,2,1,0
BRDA:84,3,0,0
BRDA:84,3,1,0
BRDA:95,4,0,0
BRDA:95,4,1,0
BRDA:106,5,0,0
BRDA:106,5,1,0
BRDA:106,6,0,0
BRDA:106,6,1,0
BRDA:125,7,0,0
BRDA:125,7,1,0
BRDA:158,8,0,0
BRDA:158,8,1,0
BRDA:165,9,0,0
BRDA:165,9,1,0
BRDA:190,10,0,0
BRDA:190,10,1,0
BRDA:190,11,0,0
BRDA:190,11,1,0
BRDA:201,12,0,0
BRDA:201,12,1,0
BRDA:209,13,0,0
BRDA:209,13,1,0
BRDA:226,14,0,0
BRDA:226,14,1,0
BRDA:242,15,0,0
BRDA:242,15,1,0
BRDA:250,16,0,0
BRDA:250,16,1,0
BRDA:255,17,0,0
BRDA:255,17,1,0
BRDA:260,18,0,0
BRDA:260,18,1,0
BRDA:260,19,0,0
BRDA:260,19,1,0
BRDA:276,20,0,0
BRDA:276,20,1,0
BRDA:276,21,0,0
BRDA:276,21,1,0
BRDA:288,22,0,0
BRDA:288,22,1,0
BRDA:298,23,0,0
BRDA:298,23,1,0
BRDA:312,24,0,0
BRDA:312,24,1,0
BRDA:327,25,0,0
BRDA:327,25,1,0
BRDA:329,26,0,0
BRDA:329,26,1,0
BRDA:334,27,0,0
BRDA:334,27,1,0
BRDA:339,28,0,0
BRDA:339,28,1,0
BRDA:339,29,0,0
BRDA:339,29,1,0
BRDA:341,30,0,0
BRDA:341,30,1,0
BRDA:346,31,0,0
BRDA:346,31,1,0
BRDA:346,32,0,0
BRDA:346,32,1,0
BRDA:355,33,0,0
BRDA:355,33,1,0
BRDA:355,34,0,0
BRDA:355,34,1,0
BRDA:360,35,0,0
BRDA:360,35,1,0
BRDA:361,36,0,0
BRDA:361,36,1,0
BRDA:362,37,0,0
BRDA:362,37,1,0
BRDA:362,38,0,0
BRDA:362,38,1,0
BRDA:381,39,0,0
BRDA:381,39,1,0
BRDA:434,40,0,0
BRDA:434,40,1,0
BRDA:477,41,0,0
BRDA:477,41,1,0
BRDA:492,42,0,0
BRDA:492,42,1,0
BRDA:494,43,0,0
BRDA:494,43,1,0
BRDA:496,44,0,0
BRDA:496,44,1,0
BRF:89
BRH:0
end_of_record
TN:
SF:src/core/providers/BaseProvider.ts
FN:116,(anonymous_0)
FN:141,(anonymous_1)
FN:157,(anonymous_2)
FN:168,(anonymous_3)
FN:184,(anonymous_4)
FN:220,(anonymous_5)
FN:246,(anonymous_6)
FN:311,(anonymous_7)
FN:349,(anonymous_8)
FN:386,(anonymous_9)
FN:414,(anonymous_10)
FN:415,(anonymous_11)
FN:417,(anonymous_12)
FN:432,(anonymous_13)
FN:496,(anonymous_14)
FN:506,(anonymous_15)
FN:507,(anonymous_16)
FN:509,(anonymous_17)
FN:521,(anonymous_18)
FN:538,(anonymous_19)
FN:548,(anonymous_20)
FN:549,(anonymous_21)
FN:555,(anonymous_22)
FN:562,(anonymous_23)
FN:587,(anonymous_24)
FN:658,(anonymous_25)
FN:710,(anonymous_26)
FN:733,(anonymous_27)
FN:749,(anonymous_28)
FNF:29
FNH:23
FNDA:56,(anonymous_0)
FNDA:47,(anonymous_1)
FNDA:0,(anonymous_2)
FNDA:3,(anonymous_3)
FNDA:3,(anonymous_4)
FNDA:3,(anonymous_5)
FNDA:4,(anonymous_6)
FNDA:2,(anonymous_7)
FNDA:2,(anonymous_8)
FNDA:9,(anonymous_9)
FNDA:2,(anonymous_10)
FNDA:2,(anonymous_11)
FNDA:0,(anonymous_12)
FNDA:1,(anonymous_13)
FNDA:1,(anonymous_14)
FNDA:9,(anonymous_15)
FNDA:9,(anonymous_16)
FNDA:0,(anonymous_17)
FNDA:8,(anonymous_18)
FNDA:1,(anonymous_19)
FNDA:0,(anonymous_20)
FNDA:0,(anonymous_21)
FNDA:6,(anonymous_22)
FNDA:0,(anonymous_23)
FNDA:3,(anonymous_24)
FNDA:2,(anonymous_25)
FNDA:2,(anonymous_26)
FNDA:3,(anonymous_27)
FNDA:1,(anonymous_28)
DA:112,3
DA:114,56
DA:117,56
DA:142,47
DA:143,2
DA:146,45
DA:147,45
DA:150,45
DA:152,45
DA:153,0
DA:157,45
DA:158,0
DA:159,0
DA:160,0
DA:169,3
DA:170,3
DA:172,3
DA:175,3
DA:176,3
DA:177,3
DA:185,3
DA:186,1
DA:193,2
DA:195,2
DA:197,2
DA:198,1
DA:202,1
DA:204,1
DA:209,0
DA:221,3
DA:222,1
DA:225,2
DA:226,2
DA:232,2
DA:233,0
DA:236,2
DA:238,0
DA:239,0
DA:248,4
DA:249,1
DA:250,1
DA:259,1
DA:260,1
DA:261,1
DA:262,1
DA:263,1
DA:265,1
DA:269,3
DA:270,3
DA:271,1
DA:274,3
DA:276,3
DA:277,3
DA:283,3
DA:293,3
DA:294,0
DA:295,0
DA:296,0
DA:299,3
DA:302,0
DA:303,0
DA:304,0
DA:312,2
DA:313,0
DA:316,2
DA:317,2
DA:324,2
DA:335,1
DA:337,1
DA:342,1
DA:350,2
DA:351,0
DA:358,2
DA:359,2
DA:365,2
DA:366,1
DA:373,1
DA:375,0
DA:387,9
DA:388,9
DA:390,9
DA:391,9
DA:392,9
DA:394,1
DA:397,1
DA:398,1
DA:402,0
DA:403,0
DA:408,1
DA:415,2
DA:416,2
DA:417,2
DA:418,0
DA:419,0
DA:422,2
DA:433,1
DA:435,1
DA:436,0
DA:437,0
DA:438,0
DA:441,1
DA:442,0
DA:443,0
DA:446,1
DA:447,1
DA:448,1
DA:450,1
DA:451,1
DA:452,3
DA:454,3
DA:456,0
DA:461,0
DA:462,0
DA:465,3
DA:468,3
DA:469,3
DA:471,3
DA:472,5
DA:474,3
DA:475,3
DA:476,3
DA:477,3
DA:479,3
DA:480,1
DA:481,1
DA:485,0
DA:491,0
DA:493,1
DA:497,1
DA:498,1
DA:507,9
DA:508,9
DA:509,9
DA:510,0
DA:511,0
DA:515,9
DA:522,8
DA:525,8
DA:526,8
DA:528,0
DA:531,8
DA:539,1
DA:540,1
DA:549,0
DA:556,6
DA:563,0
DA:564,0
DA:568,0
DA:570,0
DA:571,0
DA:572,0
DA:573,0
DA:575,0
DA:576,0
DA:581,0
DA:588,3
DA:589,3
DA:590,3
DA:593,3
DA:595,1
DA:596,1
DA:597,1
DA:602,1
DA:605,0
DA:606,0
DA:607,0
DA:612,0
DA:615,1
DA:616,1
DA:617,1
DA:622,1
DA:628,1
DA:629,1
DA:630,1
DA:635,1
DA:638,0
DA:639,0
DA:640,0
DA:641,0
DA:645,3
DA:646,3
DA:647,3
DA:648,3
DA:649,3
DA:650,3
DA:652,3
DA:659,2
DA:661,2
DA:662,2
DA:663,2
DA:666,2
DA:667,1
DA:668,1
DA:669,1
DA:678,1
DA:679,1
DA:680,1
DA:681,1
DA:689,0
DA:690,0
DA:691,0
DA:692,0
DA:699,2
DA:700,2
DA:701,2
DA:702,2
DA:704,2
DA:717,2
DA:725,2
DA:727,2
DA:734,3
DA:735,3
DA:737,3
DA:739,3
DA:740,2
DA:743,3
DA:750,1
LF:217
LH:160
BRDA:142,0,0,2
BRDA:142,0,1,45
BRDA:142,1,0,47
BRDA:142,1,1,46
BRDA:150,2,0,45
BRDA:150,2,1,0
BRDA:150,3,0,45
BRDA:150,3,1,0
BRDA:150,4,0,0
BRDA:150,4,1,45
BRDA:150,5,0,45
BRDA:150,5,1,45
BRDA:152,6,0,0
BRDA:152,6,1,45
BRDA:152,7,0,45
BRDA:152,7,1,0
BRDA:158,8,0,0
BRDA:158,8,1,0
BRDA:170,9,0,3
BRDA:170,9,1,0
BRDA:170,10,0,0
BRDA:170,10,1,3
BRDA:170,11,0,3
BRDA:170,11,1,3
BRDA:175,12,0,3
BRDA:175,12,1,0
BRDA:185,13,0,1
BRDA:185,13,1,2
BRDA:197,14,0,1
BRDA:197,14,1,1
BRDA:211,15,0,0
BRDA:211,15,1,0
BRDA:221,16,0,1
BRDA:221,16,1,2
BRDA:232,17,0,0
BRDA:232,17,1,2
BRDA:246,18,0,4
BRDA:248,19,0,1
BRDA:248,19,1,3
BRDA:254,20,0,0
BRDA:254,20,1,1
BRDA:270,21,0,1
BRDA:270,21,1,2
BRDA:293,22,0,0
BRDA:293,22,1,3
BRDA:311,23,0,2
BRDA:312,24,0,0
BRDA:312,24,1,2
BRDA:338,25,0,1
BRDA:338,25,1,0
BRDA:350,26,0,0
BRDA:350,26,1,2
BRDA:365,27,0,1
BRDA:365,27,1,1
BRDA:377,28,0,0
BRDA:377,28,1,0
BRDA:388,29,0,9
BRDA:388,29,1,0
BRDA:394,30,0,1
BRDA:394,30,1,0
BRDA:397,31,0,1
BRDA:397,31,1,0
BRDA:402,32,0,0
BRDA:402,32,1,0
BRDA:408,33,0,1
BRDA:408,33,1,0
BRDA:420,34,0,2
BRDA:420,34,1,0
BRDA:435,35,0,0
BRDA:435,35,1,1
BRDA:441,36,0,0
BRDA:441,36,1,1
BRDA:454,37,0,0
BRDA:454,37,1,3
BRDA:469,38,0,3
BRDA:469,38,1,3
BRDA:472,39,0,2
BRDA:472,39,1,3
BRDA:476,40,0,3
BRDA:476,40,1,0
BRDA:479,41,0,1
BRDA:479,41,1,2
BRDA:512,42,0,9
BRDA:512,42,1,2
BRDA:556,43,0,6
BRDA:556,43,1,5
BRDA:563,44,0,0
BRDA:563,44,1,0
BRDA:571,45,0,0
BRDA:571,45,1,0
BRDA:572,46,0,0
BRDA:572,46,1,0
BRDA:575,47,0,0
BRDA:575,47,1,0
BRDA:593,48,0,1
BRDA:593,48,1,0
BRDA:593,48,2,1
BRDA:593,48,3,1
BRDA:593,48,4,1
BRDA:593,48,5,1
BRDA:593,48,6,1
BRDA:593,48,7,0
BRDA:638,49,0,0
BRDA:638,49,1,0
BRDA:638,50,0,0
BRDA:638,50,1,0
BRDA:640,51,0,0
BRDA:640,51,1,0
BRDA:659,52,0,0
BRDA:659,52,1,2
BRDA:662,53,0,2
BRDA:662,53,1,0
BRDA:666,54,0,1
BRDA:666,54,1,1
BRDA:666,55,0,2
BRDA:666,55,1,1
BRDA:666,56,0,0
BRDA:666,56,1,2
BRDA:666,57,0,2
BRDA:666,57,1,2
BRDA:666,58,0,0
BRDA:666,58,1,1
BRDA:666,59,0,1
BRDA:666,59,1,1
BRDA:678,60,0,1
BRDA:678,60,1,0
BRDA:678,61,0,1
BRDA:678,61,1,0
BRDA:678,61,2,0
BRDA:678,62,0,0
BRDA:678,62,1,1
BRDA:678,63,0,1
BRDA:678,63,1,1
BRDA:678,64,0,0
BRDA:678,64,1,0
BRDA:678,65,0,0
BRDA:678,65,1,0
BRDA:689,66,0,0
BRDA:689,66,1,0
BRDA:689,67,0,0
BRDA:689,67,1,0
BRDA:689,68,0,0
BRDA:689,68,1,0
BRDA:689,69,0,0
BRDA:689,69,1,0
BRDA:689,70,0,0
BRDA:689,70,1,0
BRDA:689,71,0,0
BRDA:689,71,1,0
BRDA:721,72,0,2
BRDA:721,72,1,1
BRDA:721,73,0,1
BRDA:721,73,1,1
BRDA:721,74,0,2
BRDA:721,74,1,1
BRDA:735,75,0,3
BRDA:735,75,1,2
BRDA:735,76,0,2
BRDA:735,76,1,1
BRDA:735,77,0,3
BRDA:735,77,1,1
BRDA:737,78,0,1
BRDA:737,78,1,2
BRDA:739,79,0,2
BRDA:739,79,1,1
BRF:165
BRH:94
end_of_record
TN:
SF:src/core/providers/GoogleProvider.ts
FN:54,(anonymous_0)
FN:63,(anonymous_1)
FN:67,(anonymous_2)
FN:71,(anonymous_3)
FN:75,(anonymous_4)
FN:79,(anonymous_5)
FN:86,(anonymous_6)
FN:97,(anonymous_7)
FN:105,(anonymous_8)
FN:110,(anonymous_9)
FN:111,(anonymous_10)
FN:150,(anonymous_11)
FN:154,(anonymous_12)
FN:155,(anonymous_13)
FN:168,(anonymous_14)
FN:215,(anonymous_15)
FN:243,(anonymous_16)
FN:251,(anonymous_17)
FN:315,(anonymous_18)
FN:323,(anonymous_19)
FN:353,(anonymous_20)
FN:416,(anonymous_21)
FN:441,(anonymous_22)
FN:442,(anonymous_23)
FN:455,(anonymous_24)
FN:458,(anonymous_25)
FN:494,(anonymous_26)
FN:508,(anonymous_27)
FN:509,(anonymous_28)
FN:543,(anonymous_29)
FN:566,(anonymous_30)
FN:581,(anonymous_31)
FN:613,(anonymous_32)
FN:621,(anonymous_33)
FN:622,(anonymous_34)
FN:623,(anonymous_35)
FN:630,(anonymous_36)
FN:663,(anonymous_37)
FN:685,(anonymous_38)
FN:692,(anonymous_39)
FN:699,(anonymous_40)
FN:701,(anonymous_41)
FN:719,(anonymous_42)
FN:778,(anonymous_43)
FNF:44
FNH:0
FNDA:0,(anonymous_0)
FNDA:0,(anonymous_1)
FNDA:0,(anonymous_2)
FNDA:0,(anonymous_3)
FNDA:0,(anonymous_4)
FNDA:0,(anonymous_5)
FNDA:0,(anonymous_6)
FNDA:0,(anonymous_7)
FNDA:0,(anonymous_8)
FNDA:0,(anonymous_9)
FNDA:0,(anonymous_10)
FNDA:0,(anonymous_11)
FNDA:0,(anonymous_12)
FNDA:0,(anonymous_13)
FNDA:0,(anonymous_14)
FNDA:0,(anonymous_15)
FNDA:0,(anonymous_16)
FNDA:0,(anonymous_17)
FNDA:0,(anonymous_18)
FNDA:0,(anonymous_19)
FNDA:0,(anonymous_20)
FNDA:0,(anonymous_21)
FNDA:0,(anonymous_22)
FNDA:0,(anonymous_23)
FNDA:0,(anonymous_24)
FNDA:0,(anonymous_25)
FNDA:0,(anonymous_26)
FNDA:0,(anonymous_27)
FNDA:0,(anonymous_28)
FNDA:0,(anonymous_29)
FNDA:0,(anonymous_30)
FNDA:0,(anonymous_31)
FNDA:0,(anonymous_32)
FNDA:0,(anonymous_33)
FNDA:0,(anonymous_34)
FNDA:0,(anonymous_35)
FNDA:0,(anonymous_36)
FNDA:0,(anonymous_37)
FNDA:0,(anonymous_38)
FNDA:0,(anonymous_39)
FNDA:0,(anonymous_40)
FNDA:0,(anonymous_41)
FNDA:0,(anonymous_42)
FNDA:0,(anonymous_43)
DA:6,0
DA:51,0
DA:55,0
DA:60,0
DA:64,0
DA:68,0
DA:72,0
DA:76,0
DA:80,0
DA:87,0
DA:98,0
DA:99,0
DA:106,0
DA:108,0
DA:109,0
DA:110,0
DA:111,0
DA:114,0
DA:124,0
DA:125,0
DA:126,0
DA:133,0
DA:139,0
DA:151,0
DA:152,0
DA:153,0
DA:154,0
DA:155,0
DA:158,0
DA:160,0
DA:161,0
DA:169,0
DA:170,0
DA:177,0
DA:178,0
DA:180,0
DA:186,0
DA:187,0
DA:188,0
DA:195,0
DA:202,0
DA:204,0
DA:216,0
DA:217,0
DA:220,0
DA:221,0
DA:223,0
DA:229,0
DA:230,0
DA:233,0
DA:235,0
DA:236,0
DA:245,0
DA:252,0
DA:254,0
DA:255,0
DA:256,0
DA:259,0
DA:260,0
DA:261,0
DA:267,0
DA:268,0
DA:270,0
DA:271,0
DA:281,0
DA:283,0
DA:284,0
DA:289,0
DA:290,0
DA:293,0
DA:294,0
DA:295,0
DA:301,0
DA:303,0
DA:308,0
DA:316,0
DA:319,0
DA:320,0
DA:323,0
DA:324,0
DA:325,0
DA:326,0
DA:327,0
DA:330,0
DA:331,0
DA:332,0
DA:336,0
DA:337,0
DA:338,0
DA:341,0
DA:348,0
DA:352,0
DA:353,0
DA:354,0
DA:355,0
DA:357,0
DA:358,0
DA:359,0
DA:362,0
DA:363,0
DA:367,0
DA:372,0
DA:373,0
DA:374,0
DA:380,0
DA:389,0
DA:392,0
DA:393,0
DA:394,0
DA:397,0
DA:405,0
DA:406,0
DA:407,0
DA:410,0
DA:417,0
DA:419,0
DA:421,0
DA:422,0
DA:423,0
DA:426,0
DA:427,0
DA:428,0
DA:431,0
DA:432,0
DA:433,0
DA:436,0
DA:438,0
DA:439,0
DA:440,0
DA:441,0
DA:442,0
DA:446,0
DA:448,0
DA:454,0
DA:455,0
DA:456,0
DA:457,0
DA:458,0
DA:470,0
DA:471,0
DA:476,0
DA:479,0
DA:483,0
DA:484,0
DA:486,0
DA:487,0
DA:495,0
DA:497,0
DA:499,0
DA:501,0
DA:502,0
DA:503,0
DA:505,0
DA:506,0
DA:507,0
DA:508,0
DA:509,0
DA:513,0
DA:515,0
DA:522,0
DA:523,0
DA:530,0
DA:533,0
DA:535,0
DA:536,0
DA:548,0
DA:549,0
DA:552,0
DA:558,0
DA:560,0
DA:561,0
DA:562,0
DA:565,0
DA:566,0
DA:567,0
DA:568,0
DA:572,0
DA:575,0
DA:582,0
DA:583,0
DA:584,0
DA:586,0
DA:603,0
DA:605,0
DA:606,0
DA:618,0
DA:620,0
DA:621,0
DA:622,0
DA:623,0
DA:638,0
DA:644,0
DA:645,0
DA:646,0
DA:654,0
DA:664,0
DA:665,0
DA:666,0
DA:668,0
DA:669,0
DA:672,0
DA:673,0
DA:676,0
DA:679,0
DA:686,0
DA:693,0
DA:700,0
DA:701,0
DA:707,0
DA:711,0
DA:712,0
DA:721,0
DA:726,0
DA:728,0
DA:752,0
DA:753,0
DA:754,0
DA:756,0
DA:768,0
DA:769,0
DA:772,0
DA:779,0
LF:222
LH:0
BRDA:54,0,0,0
BRDA:60,1,0,0
BRDA:60,1,1,0
BRDA:98,2,0,0
BRDA:98,2,1,0
BRDA:108,3,0,0
BRDA:108,3,1,0
BRDA:108,4,0,0
BRDA:108,4,1,0
BRDA:110,5,0,0
BRDA:110,5,1,0
BRDA:110,6,0,0
BRDA:110,6,1,0
BRDA:110,7,0,0
BRDA:110,7,1,0
BRDA:124,8,0,0
BRDA:124,8,1,0
BRDA:129,9,0,0
BRDA:129,9,1,0
BRDA:141,10,0,0
BRDA:141,10,1,0
BRDA:152,11,0,0
BRDA:152,11,1,0
BRDA:152,12,0,0
BRDA:152,12,1,0
BRDA:154,13,0,0
BRDA:154,13,1,0
BRDA:154,14,0,0
BRDA:154,14,1,0
BRDA:154,15,0,0
BRDA:154,15,1,0
BRDA:169,16,0,0
BRDA:169,16,1,0
BRDA:186,17,0,0
BRDA:186,17,1,0
BRDA:187,18,0,0
BRDA:187,18,1,0
BRDA:206,19,0,0
BRDA:206,19,1,0
BRDA:216,20,0,0
BRDA:216,20,1,0
BRDA:229,21,0,0
BRDA:229,21,1,0
BRDA:245,22,0,0
BRDA:245,22,1,0
BRDA:251,23,0,0
BRDA:254,24,0,0
BRDA:254,24,1,0
BRDA:278,25,0,0
BRDA:278,25,1,0
BRDA:283,26,0,0
BRDA:283,26,1,0
BRDA:296,27,0,0
BRDA:296,27,1,0
BRDA:296,28,0,0
BRDA:296,28,1,0
BRDA:296,29,0,0
BRDA:296,29,1,0
BRDA:304,30,0,0
BRDA:304,30,1,0
BRDA:305,31,0,0
BRDA:305,31,1,0
BRDA:324,32,0,0
BRDA:324,32,1,0
BRDA:330,33,0,0
BRDA:330,33,1,0
BRDA:337,34,0,0
BRDA:337,34,1,0
BRDA:342,35,0,0
BRDA:342,35,1,0
BRDA:352,36,0,0
BRDA:352,36,1,0
BRDA:352,37,0,0
BRDA:352,37,1,0
BRDA:354,38,0,0
BRDA:354,38,1,0
BRDA:372,39,0,0
BRDA:372,39,1,0
BRDA:383,40,0,0
BRDA:383,40,1,0
BRDA:384,41,0,0
BRDA:384,41,1,0
BRDA:392,42,0,0
BRDA:392,42,1,0
BRDA:392,43,0,0
BRDA:392,43,1,0
BRDA:405,44,0,0
BRDA:405,44,1,0
BRDA:421,45,0,0
BRDA:421,45,1,0
BRDA:423,46,0,0
BRDA:423,46,1,0
BRDA:426,47,0,0
BRDA:426,47,1,0
BRDA:426,48,0,0
BRDA:426,48,1,0
BRDA:431,49,0,0
BRDA:431,49,1,0
BRDA:439,50,0,0
BRDA:439,50,1,0
BRDA:439,51,0,0
BRDA:439,51,1,0
BRDA:454,52,0,0
BRDA:454,52,1,0
BRDA:454,53,0,0
BRDA:454,53,1,0
BRDA:456,54,0,0
BRDA:456,54,1,0
BRDA:463,55,0,0
BRDA:463,55,1,0
BRDA:470,56,0,0
BRDA:470,56,1,0
BRDA:472,57,0,0
BRDA:472,57,1,0
BRDA:473,58,0,0
BRDA:473,58,1,0
BRDA:474,59,0,0
BRDA:474,59,1,0
BRDA:487,60,0,0
BRDA:487,60,1,0
BRDA:497,61,0,0
BRDA:497,61,1,0
BRDA:501,62,0,0
BRDA:501,62,1,0
BRDA:501,63,0,0
BRDA:501,63,1,0
BRDA:506,64,0,0
BRDA:506,64,1,0
BRDA:506,65,0,0
BRDA:506,65,1,0
BRDA:513,66,0,0
BRDA:513,66,1,0
BRDA:522,67,0,0
BRDA:522,67,1,0
BRDA:524,68,0,0
BRDA:524,68,1,0
BRDA:525,69,0,0
BRDA:525,69,1,0
BRDA:526,70,0,0
BRDA:526,70,1,0
BRDA:548,71,0,0
BRDA:548,71,1,0
BRDA:565,72,0,0
BRDA:565,72,1,0
BRDA:566,73,0,0
BRDA:566,73,1,0
BRDA:623,74,0,0
BRDA:623,74,1,0
BRDA:645,75,0,0
BRDA:645,75,1,0
BRDA:664,76,0,0
BRDA:664,76,1,0
BRDA:666,77,0,0
BRDA:666,77,1,0
BRDA:668,78,0,0
BRDA:668,78,1,0
BRDA:672,79,0,0
BRDA:672,79,1,0
BRDA:702,80,0,0
BRDA:702,80,1,0
BRDA:702,81,0,0
BRDA:702,81,1,0
BRDA:702,82,0,0
BRDA:702,82,1,0
BRDA:703,83,0,0
BRDA:703,83,1,0
BRDA:703,84,0,0
BRDA:703,84,1,0
BRDA:703,85,0,0
BRDA:703,85,1,0
BRDA:704,86,0,0
BRDA:704,86,1,0
BRDA:704,87,0,0
BRDA:704,87,1,0
BRDA:704,88,0,0
BRDA:704,88,1,0
BRDA:721,89,0,0
BRDA:721,89,1,0
BRDA:721,89,2,0
BRDA:721,89,3,0
BRDA:726,90,0,0
BRDA:726,90,1,0
BRDA:754,91,0,0
BRDA:754,91,1,0
BRDA:754,92,0,0
BRDA:754,92,1,0
BRF:186
BRH:0
end_of_record
TN:
SF:src/core/providers/OpenAIProvider.ts
FN:52,(anonymous_0)
FN:64,(anonymous_1)
FN:68,(anonymous_2)
FN:72,(anonymous_3)
FN:76,(anonymous_4)
FN:80,(anonymous_5)
FN:87,(anonymous_6)
FN:94,(anonymous_7)
FN:112,(anonymous_8)
FN:117,(anonymous_9)
FN:118,(anonymous_10)
FN:157,(anonymous_11)
FN:161,(anonymous_12)
FN:162,(anonymous_13)
FN:175,(anonymous_14)
FN:183,(anonymous_15)
FN:217,(anonymous_16)
FN:243,(anonymous_17)
FN:252,(anonymous_18)
FN:253,(anonymous_19)
FN:254,(anonymous_20)
FN:255,(anonymous_21)
FN:268,(anonymous_22)
FN:296,(anonymous_23)
FN:299,(anonymous_24)
FN:324,(anonymous_25)
FN:361,(anonymous_26)
FN:425,(anonymous_27)
FNF:28
FNH:0
FNDA:0,(anonymous_0)
FNDA:0,(anonymous_1)
FNDA:0,(anonymous_2)
FNDA:0,(anonymous_3)
FNDA:0,(anonymous_4)
FNDA:0,(anonymous_5)
FNDA:0,(anonymous_6)
FNDA:0,(anonymous_7)
FNDA:0,(anonymous_8)
FNDA:0,(anonymous_9)
FNDA:0,(anonymous_10)
FNDA:0,(anonymous_11)
FNDA:0,(anonymous_12)
FNDA:0,(anonymous_13)
FNDA:0,(anonymous_14)
FNDA:0,(anonymous_15)
FNDA:0,(anonymous_16)
FNDA:0,(anonymous_17)
FNDA:0,(anonymous_18)
FNDA:0,(anonymous_19)
FNDA:0,(anonymous_20)
FNDA:0,(anonymous_21)
FNDA:0,(anonymous_22)
FNDA:0,(anonymous_23)
FNDA:0,(anonymous_24)
FNDA:0,(anonymous_25)
FNDA:0,(anonymous_26)
FNDA:0,(anonymous_27)
DA:6,0
DA:48,0
DA:53,0
DA:60,0
DA:61,0
DA:65,0
DA:69,0
DA:73,0
DA:77,0
DA:81,0
DA:88,0
DA:95,0
DA:102,0
DA:103,0
DA:106,0
DA:113,0
DA:115,0
DA:116,0
DA:117,0
DA:118,0
DA:121,0
DA:131,0
DA:132,0
DA:133,0
DA:140,0
DA:146,0
DA:158,0
DA:159,0
DA:160,0
DA:161,0
DA:162,0
DA:165,0
DA:167,0
DA:168,0
DA:177,0
DA:188,0
DA:189,0
DA:192,0
DA:198,0
DA:200,0
DA:201,0
DA:204,0
DA:205,0
DA:208,0
DA:211,0
DA:218,0
DA:219,0
DA:233,0
DA:235,0
DA:236,0
DA:249,0
DA:251,0
DA:252,0
DA:253,0
DA:254,0
DA:256,0
DA:262,0
DA:274,0
DA:281,0
DA:282,0
DA:283,0
DA:290,0
DA:297,0
DA:299,0
DA:308,0
DA:309,0
DA:310,0
DA:314,0
DA:315,0
DA:318,0
DA:325,0
DA:326,0
DA:327,0
DA:328,0
DA:330,0
DA:336,0
DA:337,0
DA:345,0
DA:346,0
DA:349,0
DA:352,0
DA:354,0
DA:362,0
DA:364,0
DA:365,0
DA:368,0
DA:371,0
DA:372,0
DA:379,0
DA:381,0
DA:382,0
DA:383,0
DA:385,0
DA:386,0
DA:387,0
DA:390,0
DA:392,0
DA:399,0
DA:400,0
DA:408,0
DA:409,0
DA:412,0
DA:415,0
DA:417,0
DA:418,0
DA:426,0
DA:427,0
DA:428,0
DA:430,0
DA:431,0
DA:434,0
DA:435,0
DA:438,0
DA:441,0
LF:114
LH:0
BRDA:52,0,0,0
BRDA:61,1,0,0
BRDA:61,1,1,0
BRDA:102,2,0,0
BRDA:102,2,1,0
BRDA:115,3,0,0
BRDA:115,3,1,0
BRDA:115,4,0,0
BRDA:115,4,1,0
BRDA:131,5,0,0
BRDA:131,5,1,0
BRDA:136,6,0,0
BRDA:136,6,1,0
BRDA:148,7,0,0
BRDA:148,7,1,0
BRDA:159,8,0,0
BRDA:159,8,1,0
BRDA:159,9,0,0
BRDA:159,9,1,0
BRDA:177,10,0,0
BRDA:177,10,1,0
BRDA:188,11,0,0
BRDA:188,11,1,0
BRDA:256,12,0,0
BRDA:256,12,1,0
BRDA:256,12,2,0
BRDA:282,13,0,0
BRDA:282,13,1,0
BRDA:303,14,0,0
BRDA:303,14,1,0
BRDA:304,15,0,0
BRDA:304,15,1,0
BRDA:308,16,0,0
BRDA:308,16,1,0
BRDA:308,17,0,0
BRDA:308,17,1,0
BRDA:314,18,0,0
BRDA:314,18,1,0
BRDA:326,19,0,0
BRDA:326,19,1,0
BRDA:326,20,0,0
BRDA:326,20,1,0
BRDA:331,21,0,0
BRDA:331,21,1,0
BRDA:336,22,0,0
BRDA:336,22,1,0
BRDA:345,23,0,0
BRDA:345,23,1,0
BRDA:345,24,0,0
BRDA:345,24,1,0
BRDA:354,25,0,0
BRDA:354,25,1,0
BRDA:364,26,0,0
BRDA:364,26,1,0
BRDA:371,27,0,0
BRDA:371,27,1,0
BRDA:381,28,0,0
BRDA:381,28,1,0
BRDA:381,29,0,0
BRDA:381,29,1,0
BRDA:386,30,0,0
BRDA:386,30,1,0
BRDA:399,31,0,0
BRDA:399,31,1,0
BRDA:408,32,0,0
BRDA:408,32,1,0
BRDA:408,33,0,0
BRDA:408,33,1,0
BRDA:426,34,0,0
BRDA:426,34,1,0
BRDA:428,35,0,0
BRDA:428,35,1,0
BRDA:430,36,0,0
BRDA:430,36,1,0
BRDA:434,37,0,0
BRDA:434,37,1,0
BRF:76
BRH:0
end_of_record
TN:
SF:src/core/providers/ProviderManager.ts
FN:32,(anonymous_0)
FN:43,(anonymous_1)
FN:62,(anonymous_2)
FN:99,(anonymous_3)
FN:146,(anonymous_4)
FN:168,(anonymous_5)
FN:187,(anonymous_6)
FN:195,(anonymous_7)
FN:203,(anonymous_8)
FN:265,(anonymous_9)
FN:296,(anonymous_10)
FN:344,(anonymous_11)
FN:356,(anonymous_12)
FN:369,(anonymous_13)
FN:384,(anonymous_14)
FN:471,(anonymous_15)
FN:498,(anonymous_16)
FN:513,(anonymous_17)
FN:539,(anonymous_18)
FN:581,(anonymous_19)
FN:609,(anonymous_20)
FN:692,(anonymous_21)
FN:723,(anonymous_22)
FN:825,(anonymous_23)
FN:881,(anonymous_24)
FN:955,(anonymous_25)
FN:957,(anonymous_26)
FN:981,(anonymous_27)
FN:1058,(anonymous_28)
FN:1138,(anonymous_29)
FN:1164,(anonymous_30)
FN:1173,(anonymous_31)
FN:1196,(anonymous_32)
FN:1225,(anonymous_33)
FNF:34
FNH:0
FNDA:0,(anonymous_0)
FNDA:0,(anonymous_1)
FNDA:0,(anonymous_2)
FNDA:0,(anonymous_3)
FNDA:0,(anonymous_4)
FNDA:0,(anonymous_5)
FNDA:0,(anonymous_6)
FNDA:0,(anonymous_7)
FNDA:0,(anonymous_8)
FNDA:0,(anonymous_9)
FNDA:0,(anonymous_10)
FNDA:0,(anonymous_11)
FNDA:0,(anonymous_12)
FNDA:0,(anonymous_13)
FNDA:0,(anonymous_14)
FNDA:0,(anonymous_15)
FNDA:0,(anonymous_16)
FNDA:0,(anonymous_17)
FNDA:0,(anonymous_18)
FNDA:0,(anonymous_19)
FNDA:0,(anonymous_20)
FNDA:0,(anonymous_21)
FNDA:0,(anonymous_22)
FNDA:0,(anonymous_23)
FNDA:0,(anonymous_24)
FNDA:0,(anonymous_25)
FNDA:0,(anonymous_26)
FNDA:0,(anonymous_27)
FNDA:0,(anonymous_28)
FNDA:0,(anonymous_29)
FNDA:0,(anonymous_30)
FNDA:0,(anonymous_31)
FNDA:0,(anonymous_32)
FNDA:0,(anonymous_33)
DA:7,0
DA:9,0
DA:10,0
DA:11,0
DA:26,0
DA:29,0
DA:30,0
DA:33,0
DA:34,0
DA:44,0
DA:46,0
DA:48,0
DA:51,0
DA:52,0
DA:53,0
DA:55,0
DA:56,0
DA:60,0
DA:61,0
DA:63,0
DA:66,0
DA:67,0
DA:69,0
DA:74,0
DA:76,0
DA:77,0
DA:80,0
DA:83,0
DA:84,0
DA:85,0
DA:86,0
DA:87,0
DA:89,0
DA:90,0
DA:91,0
DA:101,0
DA:106,0
DA:115,0
DA:120,0
DA:129,0
DA:134,0
DA:151,0
DA:156,0
DA:159,0
DA:160,0
DA:161,0
DA:169,0
DA:170,0
DA:171,0
DA:173,0
DA:174,0
DA:175,0
DA:176,0
DA:177,0
DA:180,0
DA:188,0
DA:189,0
DA:196,0
DA:197,0
DA:204,0
DA:205,0
DA:206,0
DA:213,0
DA:215,0
DA:218,0
DA:219,0
DA:222,0
DA:223,0
DA:224,0
DA:225,0
DA:226,0
DA:229,0
DA:230,0
DA:231,0
DA:234,0
DA:237,0
DA:244,0
DA:247,0
DA:248,0
DA:251,0
DA:252,0
DA:254,0
DA:266,0
DA:267,0
DA:268,0
DA:271,0
DA:273,0
DA:276,0
DA:279,0
DA:280,0
DA:281,0
DA:282,0
DA:283,0
DA:284,0
DA:286,0
DA:288,0
DA:289,0
DA:297,0
DA:298,0
DA:299,0
DA:306,0
DA:308,0
DA:309,0
DA:310,0
DA:318,0
DA:319,0
DA:322,0
DA:323,0
DA:324,0
DA:325,0
DA:327,0
DA:330,0
DA:331,0
DA:333,0
DA:345,0
DA:347,0
DA:348,0
DA:351,0
DA:352,0
DA:353,0
DA:354,0
DA:356,0
DA:357,0
DA:363,0
DA:370,0
DA:372,0
DA:373,0
DA:374,0
DA:378,0
DA:385,0
DA:386,0
DA:388,0
DA:390,0
DA:392,0
DA:393,0
DA:394,0
DA:397,0
DA:400,0
DA:401,0
DA:402,0
DA:403,0
DA:404,0
DA:405,0
DA:409,0
DA:411,0
DA:412,0
DA:413,0
DA:414,0
DA:415,0
DA:419,0
DA:422,0
DA:423,0
DA:424,0
DA:427,0
DA:428,0
DA:431,0
DA:432,0
DA:433,0
DA:434,0
DA:441,0
DA:444,0
DA:445,0
DA:446,0
DA:447,0
DA:448,0
DA:453,0
DA:454,0
DA:457,0
DA:460,0
DA:461,0
DA:462,0
DA:463,0
DA:472,0
DA:474,0
DA:476,0
DA:477,0
DA:478,0
DA:479,0
DA:480,0
DA:481,0
DA:482,0
DA:484,0
DA:487,0
DA:492,0
DA:499,0
DA:501,0
DA:502,0
DA:503,0
DA:507,0
DA:514,0
DA:515,0
DA:516,0
DA:517,0
DA:520,0
DA:522,0
DA:525,0
DA:526,0
DA:528,0
DA:529,0
DA:532,0
DA:540,0
DA:542,0
DA:544,0
DA:545,0
DA:546,0
DA:548,0
DA:549,0
DA:551,0
DA:552,0
DA:553,0
DA:554,0
DA:555,0
DA:557,0
DA:558,0
DA:559,0
DA:561,0
DA:564,0
DA:567,0
DA:570,0
DA:575,0
DA:587,0
DA:588,0
DA:589,0
DA:591,0
DA:592,0
DA:593,0
DA:594,0
DA:597,0
DA:611,0
DA:612,0
DA:614,0
DA:616,0
DA:617,0
DA:620,0
DA:621,0
DA:622,0
DA:623,0
DA:624,0
DA:626,0
DA:627,0
DA:628,0
DA:631,0
DA:635,0
DA:638,0
DA:640,0
DA:644,0
DA:649,0
DA:650,0
DA:652,0
DA:654,0
DA:655,0
DA:658,0
DA:659,0
DA:660,0
DA:661,0
DA:662,0
DA:664,0
DA:665,0
DA:666,0
DA:669,0
DA:673,0
DA:676,0
DA:678,0
DA:682,0
DA:686,0
DA:693,0
DA:694,0
DA:696,0
DA:697,0
DA:698,0
DA:699,0
DA:700,0
DA:703,0
DA:706,0
DA:707,0
DA:708,0
DA:709,0
DA:711,0
DA:712,0
DA:713,0
DA:714,0
DA:715,0
DA:716,0
DA:719,0
DA:721,0
DA:722,0
DA:723,0
DA:728,0
DA:729,0
DA:731,0
DA:732,0
DA:733,0
DA:735,0
DA:736,0
DA:737,0
DA:740,0
DA:741,0
DA:742,0
DA:745,0
DA:746,0
DA:747,0
DA:749,0
DA:753,0
DA:756,0
DA:761,0
DA:762,0
DA:764,0
DA:766,0
DA:767,0
DA:770,0
DA:771,0
DA:772,0
DA:775,0
DA:776,0
DA:778,0
DA:780,0
DA:783,0
DA:788,0
DA:789,0
DA:792,0
DA:793,0
DA:794,0
DA:795,0
DA:798,0
DA:800,0
DA:803,0
DA:804,0
DA:807,0
DA:808,0
DA:811,0
DA:812,0
DA:813,0
DA:814,0
DA:815,0
DA:816,0
DA:826,0
DA:828,0
DA:829,0
DA:830,0
DA:831,0
DA:835,0
DA:836,0
DA:837,0
DA:839,0
DA:848,0
DA:849,0
DA:852,0
DA:853,0
DA:854,0
DA:855,0
DA:856,0
DA:858,0
DA:859,0
DA:860,0
DA:861,0
DA:865,0
DA:869,0
DA:870,0
DA:871,0
DA:872,0
DA:875,0
DA:892,0
DA:894,0
DA:906,0
DA:908,0
DA:909,0
DA:913,0
DA:914,0
DA:915,0
DA:917,0
DA:918,0
DA:922,0
DA:923,0
DA:924,0
DA:925,0
DA:927,0
DA:928,0
DA:933,0
DA:934,0
DA:935,0
DA:936,0
DA:937,0
DA:944,0
DA:953,0
DA:954,0
DA:955,0
DA:956,0
DA:957,0
DA:959,0
DA:963,0
DA:967,0
DA:970,0
DA:971,0
DA:972,0
DA:975,0
DA:993,0
DA:1007,0
DA:1008,0
DA:1009,0
DA:1010,0
DA:1014,0
DA:1015,0
DA:1017,0
DA:1018,0
DA:1019,0
DA:1022,0
DA:1023,0
DA:1024,0
DA:1028,0
DA:1029,0
DA:1030,0
DA:1034,0
DA:1035,0
DA:1036,0
DA:1038,0
DA:1039,0
DA:1040,0
DA:1043,0
DA:1044,0
DA:1045,0
DA:1048,0
DA:1049,0
DA:1052,0
DA:1063,0
DA:1065,0
DA:1071,0
DA:1073,0
DA:1075,0
DA:1076,0
DA:1077,0
DA:1078,0
DA:1082,0
DA:1083,0
DA:1084,0
DA:1086,0
DA:1090,0
DA:1091,0
DA:1093,0
DA:1098,0
DA:1099,0
DA:1100,0
DA:1101,0
DA:1102,0
DA:1103,0
DA:1105,0
DA:1111,0
DA:1112,0
DA:1113,0
DA:1115,0
DA:1116,0
DA:1118,0
DA:1122,0
DA:1123,0
DA:1126,0
DA:1132,0
DA:1145,0
DA:1147,0
DA:1148,0
DA:1151,0
DA:1152,0
DA:1155,0
DA:1156,0
DA:1157,0
DA:1160,0
DA:1161,0
DA:1162,0
DA:1163,0
DA:1164,0
DA:1165,0
DA:1169,0
DA:1170,0
DA:1171,0
DA:1172,0
DA:1173,0
DA:1174,0
DA:1177,0
DA:1180,0
DA:1181,0
DA:1182,0
DA:1184,0
DA:1197,0
DA:1199,0
DA:1200,0
DA:1201,0
DA:1203,0
DA:1204,0
DA:1205,0
DA:1206,0
DA:1209,0
DA:1211,0
DA:1216,0
DA:1217,0
DA:1218,0
DA:1227,0
DA:1228,0
DA:1232,0
DA:1233,0
DA:1235,0
LF:498
LH:0
BRDA:44,0,0,0
BRDA:44,0,1,0
BRDA:52,1,0,0
BRDA:52,1,1,0
BRDA:55,2,0,0
BRDA:55,2,1,0
BRDA:66,3,0,0
BRDA:66,3,1,0
BRDA:106,4,0,0
BRDA:106,4,1,0
BRDA:106,5,0,0
BRDA:106,5,1,0
BRDA:106,6,0,0
BRDA:106,6,1,0
BRDA:120,7,0,0
BRDA:120,7,1,0
BRDA:120,8,0,0
BRDA:120,8,1,0
BRDA:120,9,0,0
BRDA:120,9,1,0
BRDA:134,10,0,0
BRDA:134,10,1,0
BRDA:134,11,0,0
BRDA:134,11,1,0
BRDA:134,12,0,0
BRDA:134,12,1,0
BRDA:159,13,0,0
BRDA:159,13,1,0
BRDA:159,14,0,0
BRDA:159,14,1,0
BRDA:171,15,0,0
BRDA:171,15,1,0
BRDA:174,16,0,0
BRDA:174,16,1,0
BRDA:177,17,0,0
BRDA:177,17,1,0
BRDA:189,18,0,0
BRDA:189,18,1,0
BRDA:189,19,0,0
BRDA:189,19,1,0
BRDA:189,20,0,0
BRDA:189,20,1,0
BRDA:197,21,0,0
BRDA:197,21,1,0
BRDA:197,22,0,0
BRDA:197,22,1,0
BRDA:197,23,0,0
BRDA:197,23,1,0
BRDA:205,24,0,0
BRDA:205,24,1,0
BRDA:224,25,0,0
BRDA:224,25,1,0
BRDA:225,26,0,0
BRDA:225,26,1,0
BRDA:229,27,0,0
BRDA:229,27,1,0
BRDA:231,28,0,0
BRDA:231,28,1,0
BRDA:231,29,0,0
BRDA:231,29,1,0
BRDA:247,30,0,0
BRDA:247,30,1,0
BRDA:251,31,0,0
BRDA:251,31,1,0
BRDA:267,32,0,0
BRDA:267,32,1,0
BRDA:298,33,0,0
BRDA:298,33,1,0
BRDA:309,34,0,0
BRDA:309,34,1,0
BRDA:323,35,0,0
BRDA:323,35,1,0
BRDA:324,36,0,0
BRDA:324,36,1,0
BRDA:330,37,0,0
BRDA:330,37,1,0
BRDA:351,38,0,0
BRDA:351,38,1,0
BRDA:351,39,0,0
BRDA:351,39,1,0
BRDA:353,40,0,0
BRDA:353,40,1,0
BRDA:373,41,0,0
BRDA:373,41,1,0
BRDA:392,42,0,0
BRDA:392,42,1,0
BRDA:403,43,0,0
BRDA:403,43,1,0
BRDA:411,44,0,0
BRDA:411,44,1,0
BRDA:423,45,0,0
BRDA:423,45,1,0
BRDA:433,46,0,0
BRDA:433,46,1,0
BRDA:445,47,0,0
BRDA:445,47,1,0
BRDA:477,48,0,0
BRDA:477,48,1,0
BRDA:477,49,0,0
BRDA:477,49,1,0
BRDA:480,50,0,0
BRDA:480,50,1,0
BRDA:502,51,0,0
BRDA:502,51,1,0
BRDA:515,52,0,0
BRDA:515,52,1,0
BRDA:526,53,0,0
BRDA:526,53,1,0
BRDA:528,54,0,0
BRDA:528,54,1,0
BRDA:545,55,0,0
BRDA:545,55,1,0
BRDA:545,56,0,0
BRDA:545,56,1,0
BRDA:548,57,0,0
BRDA:548,57,1,0
BRDA:553,58,0,0
BRDA:553,58,1,0
BRDA:557,59,0,0
BRDA:557,59,1,0
BRDA:592,60,0,0
BRDA:592,60,1,0
BRDA:593,61,0,0
BRDA:593,61,1,0
BRDA:594,62,0,0
BRDA:594,62,1,0
BRDA:612,63,0,0
BRDA:612,63,1,0
BRDA:612,64,0,0
BRDA:612,64,1,0
BRDA:616,65,0,0
BRDA:616,65,1,0
BRDA:622,66,0,0
BRDA:622,66,1,0
BRDA:627,67,0,0
BRDA:627,67,1,0
BRDA:650,68,0,0
BRDA:650,68,1,0
BRDA:650,69,0,0
BRDA:650,69,1,0
BRDA:654,70,0,0
BRDA:654,70,1,0
BRDA:660,71,0,0
BRDA:660,71,1,0
BRDA:665,72,0,0
BRDA:665,72,1,0
BRDA:698,73,0,0
BRDA:698,73,1,0
BRDA:711,74,0,0
BRDA:711,74,1,0
BRDA:714,75,0,0
BRDA:714,75,1,0
BRDA:722,76,0,0
BRDA:722,76,1,0
BRDA:728,77,0,0
BRDA:728,77,1,0
BRDA:728,78,0,0
BRDA:728,78,1,0
BRDA:733,79,0,0
BRDA:733,79,1,0
BRDA:733,80,0,0
BRDA:733,80,1,0
BRDA:733,81,0,0
BRDA:733,81,1,0
BRDA:733,82,0,0
BRDA:733,82,1,0
BRDA:733,83,0,0
BRDA:733,83,1,0
BRDA:733,84,0,0
BRDA:733,84,1,0
BRDA:735,85,0,0
BRDA:735,85,1,0
BRDA:735,86,0,0
BRDA:735,86,1,0
BRDA:735,86,2,0
BRDA:761,87,0,0
BRDA:761,87,1,0
BRDA:771,88,0,0
BRDA:771,88,1,0
BRDA:771,89,0,0
BRDA:771,89,1,0
BRDA:788,90,0,0
BRDA:788,90,1,0
BRDA:804,91,0,0
BRDA:804,91,1,0
BRDA:812,92,0,0
BRDA:812,92,1,0
BRDA:829,93,0,0
BRDA:829,93,1,0
BRDA:835,94,0,0
BRDA:835,94,1,0
BRDA:835,95,0,0
BRDA:835,95,1,0
BRDA:835,96,0,0
BRDA:835,96,1,0
BRDA:835,97,0,0
BRDA:835,97,1,0
BRDA:835,98,0,0
BRDA:835,98,1,0
BRDA:848,99,0,0
BRDA:848,99,1,0
BRDA:848,100,0,0
BRDA:848,100,1,0
BRDA:854,101,0,0
BRDA:854,101,1,0
BRDA:859,102,0,0
BRDA:859,102,1,0
BRDA:870,103,0,0
BRDA:870,103,1,0
BRDA:870,104,0,0
BRDA:870,104,1,0
BRDA:908,105,0,0
BRDA:908,105,1,0
BRDA:917,106,0,0
BRDA:917,106,1,0
BRDA:927,107,0,0
BRDA:927,107,1,0
BRDA:959,108,0,0
BRDA:959,108,1,0
BRDA:959,108,2,0
BRDA:965,109,0,0
BRDA:965,109,1,0
BRDA:999,110,0,0
BRDA:999,110,1,0
BRDA:999,111,0,0
BRDA:999,111,1,0
BRDA:1007,112,0,0
BRDA:1007,112,1,0
BRDA:1014,113,0,0
BRDA:1014,113,1,0
BRDA:1014,114,0,0
BRDA:1014,114,1,0
BRDA:1017,115,0,0
BRDA:1017,115,1,0
BRDA:1017,116,0,0
BRDA:1017,116,1,0
BRDA:1022,117,0,0
BRDA:1022,117,1,0
BRDA:1022,118,0,0
BRDA:1022,118,1,0
BRDA:1028,119,0,0
BRDA:1028,119,1,0
BRDA:1028,120,0,0
BRDA:1028,120,1,0
BRDA:1038,121,0,0
BRDA:1038,121,1,0
BRDA:1038,122,0,0
BRDA:1038,122,1,0
BRDA:1043,123,0,0
BRDA:1043,123,1,0
BRDA:1043,124,0,0
BRDA:1043,124,1,0
BRDA:1043,124,2,0
BRDA:1075,125,0,0
BRDA:1075,125,1,0
BRDA:1082,126,0,0
BRDA:1082,126,1,0
BRDA:1099,127,0,0
BRDA:1099,127,1,0
BRDA:1115,128,0,0
BRDA:1115,128,1,0
BRDA:1152,129,0,0
BRDA:1152,129,1,0
BRDA:1156,130,0,0
BRDA:1156,130,1,0
BRDA:1157,131,0,0
BRDA:1157,131,1,0
BRDA:1157,132,0,0
BRDA:1157,132,1,0
BRDA:1157,133,0,0
BRDA:1157,133,1,0
BRDA:1161,134,0,0
BRDA:1161,134,1,0
BRDA:1170,135,0,0
BRDA:1170,135,1,0
BRDA:1177,136,0,0
BRDA:1177,136,1,0
BRDA:1180,137,0,0
BRDA:1180,137,1,0
BRDA:1181,138,0,0
BRDA:1181,138,1,0
BRDA:1201,139,0,0
BRDA:1201,139,1,0
BRDA:1216,140,0,0
BRDA:1216,140,1,0
BRDA:1216,141,0,0
BRDA:1216,141,1,0
BRF:287
BRH:0
end_of_record
TN:
SF:src/core/providers/index.ts
FN:7,(anonymous_0)
FN:11,(anonymous_1)
FN:14,(anonymous_2)
FN:17,(anonymous_3)
FN:21,(anonymous_4)
FNF:5
FNH:0
FNDA:0,(anonymous_0)
FNDA:0,(anonymous_1)
FNDA:0,(anonymous_2)
FNDA:0,(anonymous_3)
FNDA:0,(anonymous_4)
DA:7,0
DA:11,0
DA:14,0
DA:17,0
DA:21,0
LF:5
LH:0
BRF:0
BRH:0
end_of_record
TN:
SF:src/core/security/EncryptionService.ts
FN:47,(anonymous_0)
FN:57,(anonymous_1)
FN:93,(anonymous_2)
FN:124,(anonymous_3)
FN:137,(anonymous_4)
FN:167,(anonymous_5)
FN:179,(anonymous_6)
FN:198,(anonymous_7)
FN:217,(anonymous_8)
FNF:9
FNH:0
FNDA:0,(anonymous_0)
FNDA:0,(anonymous_1)
FNDA:0,(anonymous_2)
FNDA:0,(anonymous_3)
FNDA:0,(anonymous_4)
FNDA:0,(anonymous_5)
FNDA:0,(anonymous_6)
FNDA:0,(anonymous_7)
FNDA:0,(anonymous_8)
DA:6,0
DA:35,0
DA:36,0
DA:48,0
DA:49,0
DA:51,0
DA:58,0
DA:60,0
DA:61,0
DA:64,0
DA:67,0
DA:68,0
DA:71,0
DA:72,0
DA:75,0
DA:77,0
DA:86,0
DA:94,0
DA:96,0
DA:99,0
DA:100,0
DA:101,0
DA:104,0
DA:107,0
DA:108,0
DA:109,0
DA:112,0
DA:113,0
DA:115,0
DA:117,0
DA:125,0
DA:138,0
DA:140,0
DA:141,0
DA:142,0
DA:146,0
DA:147,0
DA:150,0
DA:151,0
DA:155,0
DA:156,0
DA:157,0
DA:158,0
DA:160,0
DA:169,0
DA:170,0
DA:173,0
DA:181,0
DA:182,0
DA:183,0
DA:186,0
DA:187,0
DA:188,0
DA:190,0
DA:199,0
DA:201,0
DA:202,0
DA:203,0
DA:204,0
DA:205,0
DA:206,0
DA:207,0
DA:208,0
DA:218,0
DA:219,0
DA:220,0
DA:222,0
DA:223,0
DA:225,0
DA:227,0
DA:228,0
LF:71
LH:0
BRDA:48,0,0,0
BRDA:48,0,1,0
BRDA:48,1,0,0
BRDA:48,1,1,0
BRDA:86,2,0,0
BRDA:86,2,1,0
BRDA:117,3,0,0
BRDA:117,3,1,0
BRDA:141,4,0,0
BRDA:141,4,1,0
BRDA:146,5,0,0
BRDA:146,5,1,0
BRDA:150,6,0,0
BRDA:150,6,1,0
BRDA:169,7,0,0
BRDA:169,7,1,0
BRDA:181,8,0,0
BRDA:181,8,1,0
BRDA:182,9,0,0
BRDA:182,9,1,0
BRDA:183,10,0,0
BRDA:183,10,1,0
BRDA:186,11,0,0
BRDA:186,11,1,0
BRDA:188,12,0,0
BRDA:188,12,1,0
BRDA:199,13,0,0
BRDA:199,13,1,0
BRDA:202,14,0,0
BRDA:202,14,1,0
BRDA:204,15,0,0
BRDA:204,15,1,0
BRDA:204,16,0,0
BRDA:204,16,1,0
BRDA:206,17,0,0
BRDA:206,17,1,0
BRF:36
BRH:0
end_of_record
TN:
SF:src/core/security/SecureStorage.ts
FN:49,(anonymous_0)
FN:65,(anonymous_1)
FN:161,(anonymous_2)
FN:190,(anonymous_3)
FN:241,(anonymous_4)
FN:254,(anonymous_5)
FN:276,(anonymous_6)
FN:306,(anonymous_7)
FN:331,(anonymous_8)
FN:347,(anonymous_9)
FN:368,(anonymous_10)
FN:397,(anonymous_11)
FN:440,(anonymous_12)
FN:475,(anonymous_13)
FN:494,(anonymous_14)
FN:515,(anonymous_15)
FN:528,(anonymous_16)
FN:543,(anonymous_17)
FN:551,(anonymous_18)
FN:561,(anonymous_19)
FN:568,(anonymous_20)
FN:581,(anonymous_21)
FN:605,(anonymous_22)
FN:615,(anonymous_23)
FN:728,(anonymous_24)
FN:757,(anonymous_25)
FN:801,(anonymous_26)
FNF:27
FNH:0
FNDA:0,(anonymous_0)
FNDA:0,(anonymous_1)
FNDA:0,(anonymous_2)
FNDA:0,(anonymous_3)
FNDA:0,(anonymous_4)
FNDA:0,(anonymous_5)
FNDA:0,(anonymous_6)
FNDA:0,(anonymous_7)
FNDA:0,(anonymous_8)
FNDA:0,(anonymous_9)
FNDA:0,(anonymous_10)
FNDA:0,(anonymous_11)
FNDA:0,(anonymous_12)
FNDA:0,(anonymous_13)
FNDA:0,(anonymous_14)
FNDA:0,(anonymous_15)
FNDA:0,(anonymous_16)
FNDA:0,(anonymous_17)
FNDA:0,(anonymous_18)
FNDA:0,(anonymous_19)
FNDA:0,(anonymous_20)
FNDA:0,(anonymous_21)
FNDA:0,(anonymous_22)
FNDA:0,(anonymous_23)
FNDA:0,(anonymous_24)
FNDA:0,(anonymous_25)
FNDA:0,(anonymous_26)
DA:7,0
DA:41,0
DA:45,0
DA:46,0
DA:47,0
DA:50,0
DA:51,0
DA:54,0
DA:55,0
DA:57,0
DA:58,0
DA:66,0
DA:67,0
DA:69,0
DA:71,0
DA:72,0
DA:75,0
DA:76,0
DA:79,0
DA:82,0
DA:83,0
DA:84,0
DA:92,0
DA:93,0
DA:102,0
DA:103,0
DA:104,0
DA:105,0
DA:111,0
DA:112,0
DA:115,0
DA:116,0
DA:120,0
DA:121,0
DA:124,0
DA:125,0
DA:126,0
DA:129,0
DA:130,0
DA:131,0
DA:134,0
DA:137,0
DA:138,0
DA:139,0
DA:141,0
DA:142,0
DA:146,0
DA:147,0
DA:148,0
DA:149,0
DA:150,0
DA:152,0
DA:153,0
DA:156,0
DA:157,0
DA:161,0
DA:162,0
DA:163,0
DA:164,0
DA:166,0
DA:167,0
DA:171,0
DA:173,0
DA:174,0
DA:177,0
DA:178,0
DA:181,0
DA:183,0
DA:191,0
DA:193,0
DA:194,0
DA:195,0
DA:196,0
DA:200,0
DA:201,0
DA:203,0
DA:204,0
DA:208,0
DA:215,0
DA:218,0
DA:225,0
DA:228,0
DA:229,0
DA:231,0
DA:233,0
DA:234,0
DA:242,0
DA:243,0
DA:244,0
DA:246,0
DA:247,0
DA:255,0
DA:256,0
DA:258,0
DA:259,0
DA:260,0
DA:261,0
DA:265,0
DA:267,0
DA:269,0
DA:277,0
DA:278,0
DA:279,0
DA:281,0
DA:282,0
DA:286,0
DA:287,0
DA:290,0
DA:292,0
DA:298,0
DA:299,0
DA:307,0
DA:308,0
DA:310,0
DA:311,0
DA:318,0
DA:319,0
DA:321,0
DA:323,0
DA:324,0
DA:333,0
DA:334,0
DA:336,0
DA:339,0
DA:341,0
DA:348,0
DA:350,0
DA:351,0
DA:352,0
DA:353,0
DA:354,0
DA:355,0
DA:357,0
DA:362,0
DA:369,0
DA:370,0
DA:372,0
DA:375,0
DA:377,0
DA:378,0
DA:379,0
DA:381,0
DA:382,0
DA:383,0
DA:386,0
DA:389,0
DA:390,0
DA:391,0
DA:395,0
DA:396,0
DA:397,0
DA:402,0
DA:403,0
DA:404,0
DA:408,0
DA:411,0
DA:412,0
DA:413,0
DA:417,0
DA:419,0
DA:420,0
DA:421,0
DA:422,0
DA:426,0
DA:427,0
DA:430,0
DA:431,0
DA:432,0
DA:433,0
DA:441,0
DA:442,0
DA:444,0
DA:446,0
DA:447,0
DA:451,0
DA:452,0
DA:453,0
DA:454,0
DA:455,0
DA:458,0
DA:459,0
DA:463,0
DA:464,0
DA:467,0
DA:468,0
DA:470,0
DA:471,0
DA:472,0
DA:475,0
DA:476,0
DA:478,0
DA:479,0
DA:480,0
DA:481,0
DA:484,0
DA:487,0
DA:488,0
DA:492,0
DA:493,0
DA:494,0
DA:498,0
DA:499,0
DA:502,0
DA:503,0
DA:506,0
DA:507,0
DA:508,0
DA:516,0
DA:517,0
DA:529,0
DA:545,0
DA:548,0
DA:551,0
DA:552,0
DA:555,0
DA:562,0
DA:569,0
DA:571,0
DA:572,0
DA:573,0
DA:574,0
DA:582,0
DA:583,0
DA:586,0
DA:589,0
DA:592,0
DA:595,0
DA:598,0
DA:606,0
DA:607,0
DA:609,0
DA:621,0
DA:622,0
DA:623,0
DA:625,0
DA:626,0
DA:630,0
DA:631,0
DA:632,0
DA:633,0
DA:634,0
DA:637,0
DA:638,0
DA:642,0
DA:643,0
DA:644,0
DA:646,0
DA:647,0
DA:648,0
DA:649,0
DA:650,0
DA:651,0
DA:652,0
DA:653,0
DA:654,0
DA:657,0
DA:658,0
DA:659,0
DA:660,0
DA:663,0
DA:664,0
DA:666,0
DA:667,0
DA:670,0
DA:671,0
DA:672,0
DA:675,0
DA:676,0
DA:677,0
DA:681,0
DA:682,0
DA:683,0
DA:684,0
DA:686,0
DA:689,0
DA:690,0
DA:697,0
DA:698,0
DA:700,0
DA:701,0
DA:702,0
DA:705,0
DA:713,0
DA:714,0
DA:729,0
DA:730,0
DA:733,0
DA:736,0
DA:737,0
DA:738,0
DA:742,0
DA:745,0
DA:747,0
DA:749,0
DA:750,0
DA:758,0
DA:759,0
DA:762,0
DA:764,0
DA:765,0
DA:766,0
DA:769,0
DA:770,0
DA:773,0
DA:774,0
DA:777,0
DA:780,0
DA:781,0
DA:782,0
DA:786,0
DA:787,0
DA:789,0
DA:790,0
DA:793,0
DA:794,0
DA:802,0
DA:803,0
LF:317
LH:0
BRDA:54,0,0,0
BRDA:54,0,1,0
BRDA:71,1,0,0
BRDA:71,1,1,0
BRDA:71,2,0,0
BRDA:71,2,1,0
BRDA:75,3,0,0
BRDA:75,3,1,0
BRDA:83,4,0,0
BRDA:83,4,1,0
BRDA:96,5,0,0
BRDA:96,5,1,0
BRDA:97,6,0,0
BRDA:97,6,1,0
BRDA:111,7,0,0
BRDA:111,7,1,0
BRDA:141,8,0,0
BRDA:141,8,1,0
BRDA:152,9,0,0
BRDA:152,9,1,0
BRDA:166,10,0,0
BRDA:166,10,1,0
BRDA:183,11,0,0
BRDA:183,11,1,0
BRDA:194,12,0,0
BRDA:194,12,1,0
BRDA:203,13,0,0
BRDA:203,13,1,0
BRDA:219,14,0,0
BRDA:219,14,1,0
BRDA:219,15,0,0
BRDA:219,15,1,0
BRDA:219,16,0,0
BRDA:219,16,1,0
BRDA:220,17,0,0
BRDA:220,17,1,0
BRDA:220,18,0,0
BRDA:220,18,1,0
BRDA:220,19,0,0
BRDA:220,19,1,0
BRDA:258,20,0,0
BRDA:258,20,1,0
BRDA:269,21,0,0
BRDA:269,21,1,0
BRDA:281,22,0,0
BRDA:281,22,1,0
BRDA:351,23,0,0
BRDA:351,23,1,0
BRDA:351,24,0,0
BRDA:351,24,1,0
BRDA:381,25,0,0
BRDA:381,25,1,0
BRDA:381,26,0,0
BRDA:381,26,1,0
BRDA:389,27,0,0
BRDA:389,27,1,0
BRDA:402,28,0,0
BRDA:402,28,1,0
BRDA:402,29,0,0
BRDA:402,29,1,0
BRDA:411,30,0,0
BRDA:411,30,1,0
BRDA:419,31,0,0
BRDA:419,31,1,0
BRDA:419,32,0,0
BRDA:419,32,1,0
BRDA:446,33,0,0
BRDA:446,33,1,0
BRDA:454,34,0,0
BRDA:454,34,1,0
BRDA:454,35,0,0
BRDA:454,35,1,0
BRDA:478,36,0,0
BRDA:478,36,1,0
BRDA:478,37,0,0
BRDA:478,37,1,0
BRDA:487,38,0,0
BRDA:487,38,1,0
BRDA:498,39,0,0
BRDA:498,39,1,0
BRDA:530,40,0,0
BRDA:530,40,1,0
BRDA:530,40,2,0
BRDA:530,40,3,0
BRDA:530,40,4,0
BRDA:530,40,5,0
BRDA:530,40,6,0
BRDA:572,41,0,0
BRDA:572,41,1,0
BRDA:582,42,0,0
BRDA:582,42,1,0
BRDA:582,43,0,0
BRDA:582,43,1,0
BRDA:586,44,0,0
BRDA:586,44,1,0
BRDA:586,44,2,0
BRDA:586,44,3,0
BRDA:589,45,0,0
BRDA:589,45,1,0
BRDA:592,46,0,0
BRDA:592,46,1,0
BRDA:606,47,0,0
BRDA:606,47,1,0
BRDA:632,48,0,0
BRDA:632,48,1,0
BRDA:632,49,0,0
BRDA:632,49,1,0
BRDA:642,50,0,0
BRDA:642,50,1,0
BRDA:646,51,0,0
BRDA:646,51,1,0
BRDA:649,52,0,0
BRDA:649,52,1,0
BRDA:652,53,0,0
BRDA:652,53,1,0
BRDA:658,54,0,0
BRDA:658,54,1,0
BRDA:663,55,0,0
BRDA:663,55,1,0
BRDA:670,56,0,0
BRDA:670,56,1,0
BRDA:670,57,0,0
BRDA:670,57,1,0
BRDA:675,58,0,0
BRDA:675,58,1,0
BRDA:675,59,0,0
BRDA:675,59,1,0
BRDA:683,60,0,0
BRDA:683,60,1,0
BRDA:683,61,0,0
BRDA:683,61,1,0
BRDA:698,62,0,0
BRDA:698,62,1,0
BRDA:700,63,0,0
BRDA:700,63,1,0
BRDA:733,64,0,0
BRDA:733,64,1,0
BRDA:736,65,0,0
BRDA:736,65,1,0
BRDA:750,66,0,0
BRDA:750,66,1,0
BRDA:764,67,0,0
BRDA:764,67,1,0
BRDA:773,68,0,0
BRDA:773,68,1,0
BRDA:780,69,0,0
BRDA:780,69,1,0
BRDA:780,70,0,0
BRDA:780,70,1,0
BRDA:787,71,0,0
BRDA:787,71,1,0
BRDA:789,72,0,0
BRDA:789,72,1,0
BRF:153
BRH:0
end_of_record
TN:
SF:src/tools/BaseTool.ts
FN:27,(anonymous_0)
FN:43,(anonymous_1)
FN:127,(anonymous_2)
FN:133,(anonymous_3)
FN:154,(anonymous_4)
FN:173,(anonymous_5)
FN:177,(anonymous_6)
FN:184,(anonymous_7)
FN:194,(anonymous_8)
FN:218,(anonymous_9)
FN:229,(anonymous_10)
FN:236,(anonymous_11)
FN:251,(anonymous_12)
FN:271,(anonymous_13)
FN:309,(anonymous_14)
FN:405,(anonymous_15)
FN:431,(anonymous_16)
FN:445,(anonymous_17)
FN:456,(anonymous_18)
FNF:19
FNH:17
FNDA:90,(anonymous_0)
FNDA:11,(anonymous_1)
FNDA:17,(anonymous_2)
FNDA:6,(anonymous_3)
FNDA:14,(anonymous_4)
FNDA:2,(anonymous_5)
FNDA:6,(anonymous_6)
FNDA:0,(anonymous_7)
FNDA:5,(anonymous_8)
FNDA:1,(anonymous_9)
FNDA:1,(anonymous_10)
FNDA:2,(anonymous_11)
FNDA:2,(anonymous_12)
FNDA:2,(anonymous_13)
FNDA:8,(anonymous_14)
FNDA:0,(anonymous_15)
FNDA:2,(anonymous_16)
FNDA:1,(anonymous_17)
FNDA:1,(anonymous_18)
DA:6,1
DA:8,1
DA:23,1
DA:28,90
DA:29,90
DA:47,11
DA:48,11
DA:51,11
DA:52,11
DA:53,1
DA:59,10
DA:61,10
DA:64,10
DA:65,10
DA:66,2
DA:67,2
DA:68,1
DA:76,9
DA:79,9
DA:81,5
DA:84,5
DA:86,5
DA:90,5
DA:91,1
DA:98,4
DA:99,1
DA:106,3
DA:107,1
DA:115,2
DA:116,2
DA:128,17
DA:129,17
DA:130,12
DA:132,5
DA:133,5
DA:134,6
DA:136,5
DA:143,0
DA:156,14
DA:157,3
DA:161,11
DA:162,2
DA:166,9
DA:175,2
DA:176,2
DA:177,6
DA:187,0
DA:188,0
DA:195,5
DA:210,5
DA:219,1
DA:230,1
DA:237,2
DA:238,2
DA:240,0
DA:241,0
DA:252,2
DA:255,2
DA:256,2
DA:260,0
DA:261,0
DA:265,0
DA:272,2
DA:275,2
DA:276,2
DA:277,2
DA:279,2
DA:281,2
DA:282,2
DA:285,2
DA:286,4
DA:287,4
DA:289,4
DA:290,2
DA:294,2
DA:299,2
DA:300,2
DA:303,2
DA:310,8
DA:311,0
DA:314,8
DA:315,8
DA:316,8
DA:319,8
DA:320,2
DA:321,2
DA:325,6
DA:326,2
DA:327,2
DA:330,2
DA:331,2
DA:334,2
DA:339,2
DA:343,4
DA:345,2
DA:347,2
DA:348,2
DA:349,2
DA:350,2
DA:351,0
DA:352,0
DA:356,2
DA:359,2
DA:361,2
DA:362,2
DA:363,0
DA:364,0
DA:365,0
DA:366,0
DA:370,2
DA:373,0
DA:374,0
DA:377,0
DA:378,0
DA:382,0
DA:385,0
DA:386,0
DA:389,0
DA:393,0
DA:396,0
DA:400,0
DA:404,0
DA:405,0
DA:406,0
DA:408,0
DA:410,0
DA:412,0
DA:416,0
DA:417,0
DA:421,4
DA:422,0
DA:425,4
DA:432,2
DA:433,1
DA:446,1
DA:457,1
LF:136
LH:101
BRDA:48,0,0,10
BRDA:48,0,1,1
BRDA:48,1,0,11
BRDA:48,1,1,11
BRDA:52,2,0,1
BRDA:52,2,1,10
BRDA:55,3,0,1
BRDA:55,3,1,0
BRDA:61,4,0,9
BRDA:61,4,1,1
BRDA:61,5,0,10
BRDA:61,5,1,10
BRDA:65,6,0,2
BRDA:65,6,1,8
BRDA:67,7,0,1
BRDA:67,7,1,1
BRDA:76,8,0,8
BRDA:76,8,1,1
BRDA:76,9,0,9
BRDA:76,9,1,9
BRDA:81,10,0,4
BRDA:81,10,1,1
BRDA:81,11,0,5
BRDA:81,11,1,5
BRDA:90,12,0,1
BRDA:90,12,1,4
BRDA:98,13,0,1
BRDA:98,13,1,3
BRDA:106,14,0,1
BRDA:106,14,1,2
BRDA:110,15,0,1
BRDA:110,15,1,1
BRDA:110,16,0,1
BRDA:110,16,1,0
BRDA:110,17,0,1
BRDA:110,17,1,1
BRDA:115,18,0,1
BRDA:115,18,1,1
BRDA:132,19,0,5
BRDA:132,19,1,0
BRDA:156,20,0,3
BRDA:156,20,1,11
BRDA:161,21,0,2
BRDA:161,21,1,9
BRDA:205,22,0,5
BRDA:205,22,1,0
BRDA:205,23,0,5
BRDA:205,23,1,5
BRDA:255,24,0,2
BRDA:255,24,1,0
BRDA:260,25,0,0
BRDA:260,25,1,0
BRDA:276,26,0,2
BRDA:276,26,1,0
BRDA:279,27,0,2
BRDA:279,27,1,0
BRDA:289,28,0,2
BRDA:289,28,1,2
BRDA:299,29,0,2
BRDA:299,29,1,0
BRDA:310,30,0,0
BRDA:310,30,1,8
BRDA:310,31,0,8
BRDA:310,31,1,8
BRDA:319,32,0,2
BRDA:319,32,1,6
BRDA:325,33,0,2
BRDA:325,33,1,4
BRDA:331,34,0,2
BRDA:331,34,1,0
BRDA:343,35,0,2
BRDA:343,35,1,2
BRDA:343,35,2,0
BRDA:343,35,3,0
BRDA:343,35,4,0
BRDA:343,35,5,0
BRDA:343,35,6,0
BRDA:343,35,7,0
BRDA:343,35,8,0
BRDA:347,36,0,2
BRDA:347,36,1,0
BRDA:349,37,0,2
BRDA:349,37,1,0
BRDA:351,38,0,0
BRDA:351,38,1,0
BRDA:361,39,0,2
BRDA:361,39,1,0
BRDA:363,40,0,0
BRDA:363,40,1,0
BRDA:365,41,0,0
BRDA:365,41,1,0
BRDA:404,42,0,0
BRDA:404,42,1,0
BRDA:404,43,0,0
BRDA:404,43,1,0
BRDA:421,44,0,0
BRDA:421,44,1,4
BRDA:432,45,0,1
BRDA:432,45,1,1
BRDA:432,46,0,2
BRDA:432,46,1,1
BRDA:449,47,0,1
BRDA:449,47,1,0
BRDA:449,48,0,0
BRDA:449,48,1,1
BRDA:449,49,0,1
BRDA:449,49,1,1
BRF:107
BRH:72
end_of_record
TN:
SF:src/tools/ToolRegistry.ts
FN:55,(anonymous_0)
FN:63,(anonymous_1)
FN:101,(anonymous_2)
FN:115,(anonymous_3)
FN:147,(anonymous_4)
FN:184,(anonymous_5)
FN:191,(anonymous_6)
FN:193,(anonymous_7)
FN:194,(anonymous_8)
FN:200,(anonymous_9)
FN:218,(anonymous_10)
FN:220,(anonymous_11)
FN:221,(anonymous_12)
FN:227,(anonymous_13)
FN:229,(anonymous_14)
FN:230,(anonymous_15)
FN:236,(anonymous_16)
FN:243,(anonymous_17)
FN:250,(anonymous_18)
FN:270,(anonymous_19)
FN:272,(anonymous_20)
FN:297,(anonymous_21)
FN:311,(anonymous_22)
FN:312,(anonymous_23)
FN:313,(anonymous_24)
FN:322,(anonymous_25)
FN:357,(anonymous_26)
FN:365,(anonymous_27)
FN:375,(anonymous_28)
FNF:29
FNH:3
FNDA:29,(anonymous_0)
FNDA:0,(anonymous_1)
FNDA:0,(anonymous_2)
FNDA:0,(anonymous_3)
FNDA:0,(anonymous_4)
FNDA:18,(anonymous_5)
FNDA:0,(anonymous_6)
FNDA:0,(anonymous_7)
FNDA:0,(anonymous_8)
FNDA:36,(anonymous_9)
FNDA:0,(anonymous_10)
FNDA:0,(anonymous_11)
FNDA:0,(anonymous_12)
FNDA:0,(anonymous_13)
FNDA:0,(anonymous_14)
FNDA:0,(anonymous_15)
FNDA:0,(anonymous_16)
FNDA:0,(anonymous_17)
FNDA:0,(anonymous_18)
FNDA:0,(anonymous_19)
FNDA:0,(anonymous_20)
FNDA:0,(anonymous_21)
FNDA:0,(anonymous_22)
FNDA:0,(anonymous_23)
FNDA:0,(anonymous_24)
FNDA:0,(anonymous_25)
FNDA:0,(anonymous_26)
FNDA:0,(anonymous_27)
FNDA:0,(anonymous_28)
DA:49,2
DA:50,29
DA:51,29
DA:56,29
DA:57,29
DA:75,0
DA:76,0
DA:79,0
DA:90,0
DA:93,0
DA:95,0
DA:102,0
DA:103,0
DA:105,0
DA:106,0
DA:109,0
DA:116,0
DA:117,0
DA:118,0
DA:119,0
DA:122,0
DA:123,0
DA:124,0
DA:128,0
DA:129,0
DA:130,0
DA:134,0
DA:135,0
DA:136,0
DA:137,0
DA:138,0
DA:141,0
DA:152,0
DA:153,0
DA:154,0
DA:161,0
DA:163,0
DA:164,0
DA:170,0
DA:172,0
DA:173,0
DA:185,18
DA:192,0
DA:193,0
DA:194,0
DA:201,36
DA:203,36
DA:204,0
DA:205,0
DA:206,0
DA:207,0
DA:212,36
DA:219,0
DA:220,0
DA:221,0
DA:228,0
DA:229,0
DA:230,0
DA:237,0
DA:244,0
DA:251,0
DA:252,0
DA:253,0
DA:256,0
DA:259,0
DA:260,0
DA:263,0
DA:264,0
DA:271,0
DA:273,0
DA:274,0
DA:275,0
DA:278,0
DA:280,0
DA:281,0
DA:282,0
DA:283,0
DA:284,0
DA:287,0
DA:291,0
DA:298,0
DA:299,0
DA:300,0
DA:301,0
DA:302,0
DA:305,0
DA:312,0
DA:313,0
DA:314,0
DA:329,0
DA:337,0
DA:338,0
DA:339,0
DA:341,0
DA:345,0
DA:348,0
DA:351,0
DA:358,0
DA:359,0
DA:366,0
DA:369,0
DA:381,0
LF:102
LH:9
BRDA:75,0,0,0
BRDA:75,0,1,0
BRDA:84,1,0,0
BRDA:84,1,1,0
BRDA:84,2,0,0
BRDA:84,2,1,0
BRDA:105,3,0,0
BRDA:105,3,1,0
BRDA:117,4,0,0
BRDA:117,4,1,0
BRDA:122,5,0,0
BRDA:122,5,1,0
BRDA:128,6,0,0
BRDA:128,6,1,0
BRDA:128,7,0,0
BRDA:128,7,1,0
BRDA:135,8,0,0
BRDA:135,8,1,0
BRDA:150,9,0,0
BRDA:153,10,0,0
BRDA:153,10,1,0
BRDA:163,11,0,0
BRDA:163,11,1,0
BRDA:172,12,0,0
BRDA:172,12,1,0
BRDA:204,13,0,0
BRDA:204,13,1,0
BRDA:206,14,0,0
BRDA:206,14,1,0
BRDA:220,15,0,0
BRDA:220,15,1,0
BRDA:229,16,0,0
BRDA:229,16,1,0
BRDA:237,17,0,0
BRDA:237,17,1,0
BRDA:252,18,0,0
BRDA:252,18,1,0
BRDA:259,19,0,0
BRDA:259,19,1,0
BRDA:263,20,0,0
BRDA:263,20,1,0
BRDA:273,21,0,0
BRDA:273,21,1,0
BRDA:274,22,0,0
BRDA:274,22,1,0
BRDA:274,23,0,0
BRDA:274,23,1,0
BRDA:283,24,0,0
BRDA:283,24,1,0
BRDA:300,25,0,0
BRDA:300,25,1,0
BRDA:300,26,0,0
BRDA:300,26,1,0
BRDA:338,27,0,0
BRDA:338,27,1,0
BRDA:345,28,0,0
BRDA:345,28,1,0
BRF:57
BRH:0
end_of_record
TN:
SF:src/tools/index.ts
FN:7,(anonymous_0)
FN:8,(anonymous_1)
FN:13,(anonymous_2)
FN:14,(anonymous_3)
FN:15,(anonymous_4)
FN:16,(anonymous_5)
FNF:6
FNH:0
FNDA:0,(anonymous_0)
FNDA:0,(anonymous_1)
FNDA:0,(anonymous_2)
FNDA:0,(anonymous_3)
FNDA:0,(anonymous_4)
FNDA:0,(anonymous_5)
DA:7,0
DA:8,0
DA:12,0
DA:13,0
DA:14,0
DA:15,0
DA:16,0
LF:7
LH:0
BRF:0
BRH:0
end_of_record
TN:
SF:src/tools/obsidian/CreateNoteTool.ts
FN:43,(anonymous_0)
FN:47,(anonymous_1)
FN:51,(anonymous_2)
FN:55,(anonymous_3)
FN:59,(anonymous_4)
FN:103,(anonymous_5)
FN:123,(anonymous_6)
FN:135,(anonymous_7)
FN:150,(anonymous_8)
FN:178,(anonymous_9)
FN:201,(anonymous_10)
FN:203,(anonymous_11)
FN:219,(anonymous_12)
FN:263,(anonymous_13)
FNF:14
FNH:0
FNDA:0,(anonymous_0)
FNDA:0,(anonymous_1)
FNDA:0,(anonymous_2)
FNDA:0,(anonymous_3)
FNDA:0,(anonymous_4)
FNDA:0,(anonymous_5)
FNDA:0,(anonymous_6)
FNDA:0,(anonymous_7)
FNDA:0,(anonymous_8)
FNDA:0,(anonymous_9)
FNDA:0,(anonymous_10)
FNDA:0,(anonymous_11)
FNDA:0,(anonymous_12)
FNDA:0,(anonymous_13)
DA:5,0
DA:6,0
DA:7,0
DA:13,0
DA:42,0
DA:44,0
DA:48,0
DA:52,0
DA:56,0
DA:60,0
DA:62,0
DA:64,0
DA:67,0
DA:68,0
DA:75,0
DA:78,0
DA:81,0
DA:92,0
DA:93,0
DA:105,0
DA:108,0
DA:111,0
DA:113,0
DA:114,0
DA:117,0
DA:125,0
DA:136,0
DA:137,0
DA:138,0
DA:139,0
DA:142,0
DA:151,0
DA:154,0
DA:155,0
DA:156,0
DA:160,0
DA:161,0
DA:165,0
DA:166,0
DA:167,0
DA:168,0
DA:172,0
DA:179,0
DA:182,0
DA:185,0
DA:186,0
DA:190,0
DA:191,0
DA:195,0
DA:196,0
DA:200,0
DA:202,0
DA:203,0
DA:204,0
DA:206,0
DA:207,0
DA:209,0
DA:213,0
DA:220,0
DA:222,0
DA:228,0
DA:229,0
DA:230,0
DA:231,0
DA:232,0
DA:233,0
DA:237,0
DA:238,0
DA:239,0
DA:243,0
DA:246,0
DA:251,0
DA:254,0
DA:255,0
DA:266,0
DA:270,0
LF:76
LH:0
BRDA:67,0,0,0
BRDA:67,0,1,0
BRDA:92,1,0,0
BRDA:92,1,1,0
BRDA:95,2,0,0
BRDA:95,2,1,0
BRDA:108,3,0,0
BRDA:108,3,1,0
BRDA:111,4,0,0
BRDA:111,4,1,0
BRDA:137,5,0,0
BRDA:137,5,1,0
BRDA:155,6,0,0
BRDA:155,6,1,0
BRDA:160,7,0,0
BRDA:160,7,1,0
BRDA:160,8,0,0
BRDA:160,8,1,0
BRDA:165,9,0,0
BRDA:165,9,1,0
BRDA:167,10,0,0
BRDA:167,10,1,0
BRDA:185,11,0,0
BRDA:185,11,1,0
BRDA:185,12,0,0
BRDA:185,12,1,0
BRDA:190,13,0,0
BRDA:190,13,1,0
BRDA:195,14,0,0
BRDA:195,14,1,0
BRDA:202,15,0,0
BRDA:202,15,1,0
BRDA:206,16,0,0
BRDA:206,16,1,0
BRDA:206,17,0,0
BRDA:206,17,1,0
BRDA:231,18,0,0
BRDA:231,18,1,0
BRDA:237,19,0,0
BRDA:237,19,1,0
BRDA:266,20,0,0
BRDA:266,20,1,0
BRF:42
BRH:0
end_of_record
TN:
SF:src/tools/obsidian/ReadNoteTool.ts
FN:26,(anonymous_0)
FN:37,(anonymous_1)
FN:41,(anonymous_2)
FN:45,(anonymous_3)
FN:49,(anonymous_4)
FN:53,(anonymous_5)
FN:114,(anonymous_6)
FN:132,(anonymous_7)
FN:163,(anonymous_8)
FN:193,(anonymous_9)
FN:211,(anonymous_10)
FN:230,(anonymous_11)
FN:238,(anonymous_12)
FN:254,(anonymous_13)
FN:278,(anonymous_14)
FN:294,(anonymous_15)
FNF:16
FNH:0
FNDA:0,(anonymous_0)
FNDA:0,(anonymous_1)
FNDA:0,(anonymous_2)
FNDA:0,(anonymous_3)
FNDA:0,(anonymous_4)
FNDA:0,(anonymous_5)
FNDA:0,(anonymous_6)
FNDA:0,(anonymous_7)
FNDA:0,(anonymous_8)
FNDA:0,(anonymous_9)
FNDA:0,(anonymous_10)
FNDA:0,(anonymous_11)
FNDA:0,(anonymous_12)
FNDA:0,(anonymous_13)
FNDA:0,(anonymous_14)
FNDA:0,(anonymous_15)
DA:5,0
DA:6,0
DA:7,0
DA:13,0
DA:26,0
DA:36,0
DA:38,0
DA:42,0
DA:46,0
DA:50,0
DA:54,0
DA:56,0
DA:58,0
DA:59,0
DA:60,0
DA:61,0
DA:68,0
DA:71,0
DA:74,0
DA:83,0
DA:84,0
DA:96,0
DA:102,0
DA:103,0
DA:104,0
DA:116,0
DA:117,0
DA:118,0
DA:122,0
DA:123,0
DA:126,0
DA:133,0
DA:136,0
DA:137,0
DA:138,0
DA:143,0
DA:144,0
DA:145,0
DA:146,0
DA:151,0
DA:152,0
DA:153,0
DA:157,0
DA:165,0
DA:166,0
DA:170,0
DA:171,0
DA:172,0
DA:175,0
DA:177,0
DA:178,0
DA:181,0
DA:183,0
DA:185,0
DA:186,0
DA:194,0
DA:195,0
DA:197,0
DA:198,0
DA:199,0
DA:201,0
DA:202,0
DA:204,0
DA:205,0
DA:208,0
DA:210,0
DA:211,0
DA:212,0
DA:214,0
DA:215,0
DA:217,0
DA:220,0
DA:224,0
DA:231,0
DA:234,0
DA:235,0
DA:238,0
DA:242,0
DA:244,0
DA:245,0
DA:248,0
DA:255,0
DA:258,0
DA:260,0
DA:261,0
DA:265,0
DA:266,0
DA:267,0
DA:268,0
DA:272,0
DA:280,0
DA:288,0
DA:295,0
LF:93
LH:0
BRDA:26,0,0,0
BRDA:26,0,1,0
BRDA:59,1,0,0
BRDA:59,1,1,0
BRDA:60,2,0,0
BRDA:60,2,1,0
BRDA:60,2,2,0
BRDA:83,3,0,0
BRDA:83,3,1,0
BRDA:88,4,0,0
BRDA:88,4,1,0
BRDA:88,5,0,0
BRDA:88,5,1,0
BRDA:88,6,0,0
BRDA:88,6,1,0
BRDA:102,7,0,0
BRDA:102,7,1,0
BRDA:102,7,2,0
BRDA:103,8,0,0
BRDA:103,8,1,0
BRDA:106,9,0,0
BRDA:106,9,1,0
BRDA:116,10,0,0
BRDA:116,10,1,0
BRDA:118,11,0,0
BRDA:118,11,1,0
BRDA:122,12,0,0
BRDA:122,12,1,0
BRDA:137,13,0,0
BRDA:137,13,1,0
BRDA:145,14,0,0
BRDA:145,14,1,0
BRDA:152,15,0,0
BRDA:152,15,1,0
BRDA:165,16,0,0
BRDA:165,16,1,0
BRDA:171,17,0,0
BRDA:171,17,1,0
BRDA:199,18,0,0
BRDA:199,18,1,0
BRDA:199,19,0,0
BRDA:199,19,1,0
BRDA:202,20,0,0
BRDA:202,20,1,0
BRDA:208,21,0,0
BRDA:208,21,1,0
BRDA:208,22,0,0
BRDA:208,22,1,0
BRDA:212,23,0,0
BRDA:212,23,1,0
BRDA:212,24,0,0
BRDA:212,24,1,0
BRDA:215,25,0,0
BRDA:215,25,1,0
BRDA:234,26,0,0
BRDA:234,26,1,0
BRDA:234,27,0,0
BRDA:234,27,1,0
BRDA:234,28,0,0
BRDA:234,28,1,0
BRDA:235,29,0,0
BRDA:235,29,1,0
BRDA:267,30,0,0
BRDA:267,30,1,0
BRDA:288,31,0,0
BRDA:288,31,1,0
BRF:66
BRH:0
end_of_record
TN:
SF:src/tools/obsidian/SearchNotesTool.ts
FN:41,(anonymous_0)
FN:45,(anonymous_1)
FN:49,(anonymous_2)
FN:53,(anonymous_3)
FN:57,(anonymous_4)
FN:75,(anonymous_5)
FN:103,(anonymous_6)
FN:108,(anonymous_7)
FN:117,(anonymous_8)
FN:178,(anonymous_9)
FN:221,(anonymous_10)
FN:267,(anonymous_11)
FN:313,(anonymous_12)
FN:322,(anonymous_13)
FN:346,(anonymous_14)
FNF:15
FNH:0
FNDA:0,(anonymous_0)
FNDA:0,(anonymous_1)
FNDA:0,(anonymous_2)
FNDA:0,(anonymous_3)
FNDA:0,(anonymous_4)
FNDA:0,(anonymous_5)
FNDA:0,(anonymous_6)
FNDA:0,(anonymous_7)
FNDA:0,(anonymous_8)
FNDA:0,(anonymous_9)
FNDA:0,(anonymous_10)
FNDA:0,(anonymous_11)
FNDA:0,(anonymous_12)
FNDA:0,(anonymous_13)
FNDA:0,(anonymous_14)
DA:5,0
DA:7,0
DA:13,0
DA:40,0
DA:42,0
DA:46,0
DA:50,0
DA:54,0
DA:58,0
DA:60,0
DA:62,0
DA:64,0
DA:65,0
DA:72,0
DA:75,0
DA:78,0
DA:80,0
DA:92,0
DA:93,0
DA:104,0
DA:106,0
DA:107,0
DA:108,0
DA:111,0
DA:118,0
DA:119,0
DA:121,0
DA:122,0
DA:123,0
DA:124,0
DA:125,0
DA:128,0
DA:130,0
DA:131,0
DA:134,0
DA:135,0
DA:136,0
DA:139,0
DA:140,0
DA:141,0
DA:145,0
DA:146,0
DA:147,0
DA:148,0
DA:150,0
DA:151,0
DA:152,0
DA:153,0
DA:157,0
DA:158,0
DA:168,0
DA:172,0
DA:179,0
DA:180,0
DA:181,0
DA:184,0
DA:185,0
DA:186,0
DA:194,0
DA:195,0
DA:196,0
DA:204,0
DA:205,0
DA:206,0
DA:207,0
DA:215,0
DA:226,0
DA:227,0
DA:228,0
DA:229,0
DA:231,0
DA:232,0
DA:233,0
DA:235,0
DA:236,0
DA:238,0
DA:246,0
DA:247,0
DA:248,0
DA:249,0
DA:251,0
DA:255,0
DA:256,0
DA:261,0
DA:268,0
DA:269,0
DA:272,0
DA:273,0
DA:274,0
DA:275,0
DA:276,0
DA:277,0
DA:278,0
DA:279,0
DA:280,0
DA:291,0
DA:292,0
DA:294,0
DA:295,0
DA:296,0
DA:297,0
DA:298,0
DA:307,0
DA:314,0
DA:315,0
DA:316,0
DA:323,0
DA:324,0
DA:325,0
DA:327,0
DA:330,0
DA:331,0
DA:332,0
DA:333,0
DA:334,0
DA:335,0
DA:337,0
DA:340,0
DA:347,0
LF:119
LH:0
BRDA:64,0,0,0
BRDA:64,0,1,0
BRDA:75,1,0,0
BRDA:75,1,1,0
BRDA:75,2,0,0
BRDA:75,2,1,0
BRDA:92,3,0,0
BRDA:92,3,1,0
BRDA:95,4,0,0
BRDA:95,4,1,0
BRDA:106,5,0,0
BRDA:106,5,1,0
BRDA:107,6,0,0
BRDA:107,6,1,0
BRDA:128,7,0,0
BRDA:128,7,1,0
BRDA:128,7,2,0
BRDA:128,7,3,0
BRDA:128,7,4,0
BRDA:135,8,0,0
BRDA:135,8,1,0
BRDA:147,9,0,0
BRDA:147,9,1,0
BRDA:157,10,0,0
BRDA:157,10,1,0
BRDA:161,11,0,0
BRDA:161,11,1,0
BRDA:163,12,0,0
BRDA:163,12,1,0
BRDA:184,13,0,0
BRDA:184,13,1,0
BRDA:194,14,0,0
BRDA:194,14,1,0
BRDA:204,15,0,0
BRDA:204,15,1,0
BRDA:235,16,0,0
BRDA:235,16,1,0
BRDA:246,17,0,0
BRDA:246,17,1,0
BRDA:248,18,0,0
BRDA:248,18,1,0
BRDA:255,19,0,0
BRDA:255,19,1,0
BRDA:255,20,0,0
BRDA:255,20,1,0
BRDA:273,21,0,0
BRDA:273,21,1,0
BRDA:276,22,0,0
BRDA:276,22,1,0
BRDA:278,23,0,0
BRDA:278,23,1,0
BRDA:296,24,0,0
BRDA:296,24,1,0
BRDA:330,25,0,0
BRDA:330,25,1,0
BRDA:332,26,0,0
BRDA:332,26,1,0
BRF:57
BRH:0
end_of_record
TN:
SF:src/tools/obsidian/UpdateNoteTool.ts
FN:43,(anonymous_0)
FN:49,(anonymous_1)
FN:68,(anonymous_2)
FN:72,(anonymous_3)
FN:76,(anonymous_4)
FN:80,(anonymous_5)
FN:84,(anonymous_6)
FN:141,(anonymous_7)
FN:159,(anonymous_8)
FN:183,(anonymous_9)
FN:199,(anonymous_10)
FN:224,(anonymous_11)
FN:239,(anonymous_12)
FN:284,(anonymous_13)
FN:292,(anonymous_14)
FN:317,(anonymous_15)
FNF:16
FNH:0
FNDA:0,(anonymous_0)
FNDA:0,(anonymous_1)
FNDA:0,(anonymous_2)
FNDA:0,(anonymous_3)
FNDA:0,(anonymous_4)
FNDA:0,(anonymous_5)
FNDA:0,(anonymous_6)
FNDA:0,(anonymous_7)
FNDA:0,(anonymous_8)
FNDA:0,(anonymous_9)
FNDA:0,(anonymous_10)
FNDA:0,(anonymous_11)
FNDA:0,(anonymous_12)
FNDA:0,(anonymous_13)
FNDA:0,(anonymous_14)
FNDA:0,(anonymous_15)
DA:5,0
DA:6,0
DA:7,0
DA:13,0
DA:43,0
DA:50,0
DA:51,0
DA:53,0
DA:54,0
DA:56,0
DA:67,0
DA:69,0
DA:73,0
DA:77,0
DA:81,0
DA:85,0
DA:87,0
DA:89,0
DA:90,0
DA:91,0
DA:92,0
DA:99,0
DA:102,0
DA:103,0
DA:107,0
DA:110,0
DA:113,0
DA:115,0
DA:129,0
DA:130,0
DA:131,0
DA:143,0
DA:144,0
DA:145,0
DA:149,0
DA:150,0
DA:153,0
DA:160,0
DA:163,0
DA:164,0
DA:165,0
DA:170,0
DA:171,0
DA:172,0
DA:173,0
DA:177,0
DA:184,0
DA:185,0
DA:186,0
DA:187,0
DA:189,0
DA:191,0
DA:200,0
DA:202,0
DA:205,0
DA:208,0
DA:211,0
DA:214,0
DA:217,0
DA:225,0
DA:228,0
DA:231,0
DA:233,0
DA:240,0
DA:241,0
DA:243,0
DA:244,0
DA:245,0
DA:248,0
DA:249,0
DA:250,0
DA:251,0
DA:252,0
DA:253,0
DA:257,0
DA:259,0
DA:263,0
DA:264,0
DA:265,0
DA:266,0
DA:267,0
DA:268,0
DA:269,0
DA:275,0
DA:276,0
DA:278,0
DA:285,0
DA:286,0
DA:298,0
DA:299,0
DA:301,0
DA:302,0
DA:303,0
DA:304,0
DA:306,0
DA:319,0
DA:320,0
DA:324,0
DA:325,0
DA:328,0
LF:100
LH:0
BRDA:43,0,0,0
BRDA:43,0,1,0
BRDA:50,1,0,0
BRDA:50,1,1,0
BRDA:50,2,0,0
BRDA:50,2,1,0
BRDA:53,3,0,0
BRDA:53,3,1,0
BRDA:53,4,0,0
BRDA:53,4,1,0
BRDA:90,5,0,0
BRDA:90,5,1,0
BRDA:91,6,0,0
BRDA:91,6,1,0
BRDA:91,6,2,0
BRDA:102,7,0,0
BRDA:102,7,1,0
BRDA:129,8,0,0
BRDA:129,8,1,0
BRDA:129,8,2,0
BRDA:130,9,0,0
BRDA:130,9,1,0
BRDA:133,10,0,0
BRDA:133,10,1,0
BRDA:143,11,0,0
BRDA:143,11,1,0
BRDA:145,12,0,0
BRDA:145,12,1,0
BRDA:149,13,0,0
BRDA:149,13,1,0
BRDA:164,14,0,0
BRDA:164,14,1,0
BRDA:172,15,0,0
BRDA:172,15,1,0
BRDA:187,16,0,0
BRDA:187,16,1,0
BRDA:200,17,0,0
BRDA:200,17,1,0
BRDA:200,17,2,0
BRDA:200,17,3,0
BRDA:200,17,4,0
BRDA:200,17,5,0
BRDA:250,18,0,0
BRDA:250,18,1,0
BRDA:257,19,0,0
BRDA:257,19,1,0
BRDA:265,20,0,0
BRDA:265,20,1,0
BRDA:267,21,0,0
BRDA:267,21,1,0
BRDA:286,22,0,0
BRDA:286,22,1,0
BRDA:319,23,0,0
BRDA:319,23,1,0
BRDA:319,24,0,0
BRDA:319,24,1,0
BRDA:324,25,0,0
BRDA:324,25,1,0
BRF:58
BRH:0
end_of_record
TN:
SF:src/tools/obsidian/index.ts
FN:6,(anonymous_0)
FN:7,(anonymous_1)
FN:8,(anonymous_2)
FN:9,(anonymous_3)
FNF:4
FNH:0
FNDA:0,(anonymous_0)
FNDA:0,(anonymous_1)
FNDA:0,(anonymous_2)
FNDA:0,(anonymous_3)
DA:6,0
DA:7,0
DA:8,0
DA:9,0
LF:4
LH:0
BRF:0
BRH:0
end_of_record
TN:
SF:src/utils/i18n.ts
FN:316,setLanguage
FN:323,getCurrentLanguage
FN:333,t
FN:364,(anonymous_3)
FN:375,getAvailableLanguages
FN:385,initializeI18n
FN:402,getSystemLanguage
FN:419,formatDate
FN:436,getSystemPromptTranslations
FN:443,buildLocalizedSystemPrompt
FN:501,getCommandDescriptions
FNF:11
FNH:0
FNDA:0,setLanguage
FNDA:0,getCurrentLanguage
FNDA:0,t
FNDA:0,(anonymous_3)
FNDA:0,getAvailableLanguages
FNDA:0,initializeI18n
FNDA:0,getSystemLanguage
FNDA:0,formatDate
FNDA:0,getSystemPromptTranslations
FNDA:0,buildLocalizedSystemPrompt
FNDA:0,getCommandDescriptions
DA:9,0
DA:156,0
DA:303,0
DA:311,0
DA:316,0
DA:317,0
DA:323,0
DA:324,0
DA:333,0
DA:334,0
DA:335,0
DA:338,0
DA:339,0
DA:340,0
DA:343,0
DA:344,0
DA:345,0
DA:346,0
DA:347,0
DA:349,0
DA:350,0
DA:353,0
DA:357,0
DA:358,0
DA:359,0
DA:363,0
DA:364,0
DA:365,0
DA:369,0
DA:375,0
DA:376,0
DA:385,0
DA:386,0
DA:387,0
DA:390,0
DA:391,0
DA:392,0
DA:394,0
DA:404,0
DA:405,0
DA:406,0
DA:407,0
DA:408,0
DA:413,0
DA:419,0
DA:420,0
DA:429,0
DA:430,0
DA:436,0
DA:437,0
DA:443,0
DA:449,0
DA:450,0
DA:453,0
DA:457,0
DA:495,0
DA:501,0
DA:502,0
LF:58
LH:0
BRDA:339,0,0,0
BRDA:339,0,1,0
BRDA:339,1,0,0
BRDA:339,1,1,0
BRDA:339,1,2,0
BRDA:346,2,0,0
BRDA:346,2,1,0
BRDA:346,3,0,0
BRDA:346,3,1,0
BRDA:346,3,2,0
BRDA:357,4,0,0
BRDA:357,4,1,0
BRDA:363,5,0,0
BRDA:363,5,1,0
BRDA:365,6,0,0
BRDA:365,6,1,0
BRDA:365,7,0,0
BRDA:365,7,1,0
BRDA:365,8,0,0
BRDA:365,8,1,0
BRDA:386,9,0,0
BRDA:386,9,1,0
BRDA:386,10,0,0
BRDA:386,10,1,0
BRDA:391,11,0,0
BRDA:391,11,1,0
BRDA:391,12,0,0
BRDA:391,12,1,0
BRDA:405,13,0,0
BRDA:405,13,1,0
BRDA:405,14,0,0
BRDA:405,14,1,0
BRDA:407,15,0,0
BRDA:407,15,1,0
BRDA:408,16,0,0
BRDA:408,16,1,0
BRDA:429,17,0,0
BRDA:429,17,1,0
BRDA:450,18,0,0
BRDA:450,18,1,0
BRDA:453,19,0,0
BRDA:453,19,1,0
BRDA:477,20,0,0
BRDA:477,20,1,0
BRF:44
BRH:0
end_of_record
TN:
SF:src/utils/types.ts
FN:267,(anonymous_0)
FN:282,(anonymous_1)
FN:295,(anonymous_2)
FNF:3
FNH:3
FNDA:2,(anonymous_0)
FNDA:1,(anonymous_1)
FNDA:1,(anonymous_2)
DA:266,1
DA:269,2
DA:270,2
DA:271,2
DA:273,2
DA:274,2
DA:281,1
DA:284,1
DA:286,1
DA:287,1
DA:294,1
DA:296,1
DA:297,1
LF:13
LH:13
BRDA:295,0,0,0
BRF:1
BRH:0
end_of_record
